Buildfile: /vagrant/subjects/tool_subjects/swifthand/net.fercanet.LNM_3_src/build.xml

emma:

-set-mode-check:

-set-debug-files:

-check-env:
 [checkenv] Android SDK Tools Revision 23.0.2
 [checkenv] Installed at /home/vagrant/android-sdk-linux

-setup:
     [echo] Project Name: MainMenu
  [gettype] Project Type: Self-Tested Application

-set-debug-mode:

-debug-obfuscation-check:

-pre-build:

-build-setup:
[getbuildtools] Using latest Build Tools: 20.0.0
     [echo] Resolving Build Target for MainMenu...
[gettarget] Project Target:   Android 2.3.3
[gettarget] API level:        10
     [echo] ----------
     [echo] Creating output directories if needed...
    [mkdir] Created dir: /vagrant/subjects/tool_subjects/swifthand/net.fercanet.LNM_3_src/bin
    [mkdir] Created dir: /vagrant/subjects/tool_subjects/swifthand/net.fercanet.LNM_3_src/bin/res
    [mkdir] Created dir: /vagrant/subjects/tool_subjects/swifthand/net.fercanet.LNM_3_src/bin/rsObj
    [mkdir] Created dir: /vagrant/subjects/tool_subjects/swifthand/net.fercanet.LNM_3_src/bin/rsLibs
    [mkdir] Created dir: /vagrant/subjects/tool_subjects/swifthand/net.fercanet.LNM_3_src/gen
    [mkdir] Created dir: /vagrant/subjects/tool_subjects/swifthand/net.fercanet.LNM_3_src/bin/classes
    [mkdir] Created dir: /vagrant/subjects/tool_subjects/swifthand/net.fercanet.LNM_3_src/bin/dexedLibs
     [echo] ----------
     [echo] Resolving Dependencies for MainMenu...
[dependency] Library dependencies:
[dependency] No Libraries
[dependency] 
[dependency] ------------------
[dependency] API<=15: Adding annotations.jar to the classpath.
     [echo] ----------
     [echo] Building Libraries with 'instrument'...
   [subant] No sub-builds to iterate on

-code-gen:
[mergemanifest] Merging AndroidManifest files into one.
[mergemanifest] Manifest merger disabled. Using project manifest only.
     [echo] Handling aidl files...
     [aidl] No AIDL files to compile.
     [echo] ----------
     [echo] Handling RenderScript files...
     [echo] ----------
     [echo] Handling Resources...
     [aapt] Generating resource IDs...
     [echo] ----------
     [echo] Handling BuildConfig class...
[buildconfig] Generating BuildConfig class.

-pre-compile:

-compile:
    [javac] Compiling 13 source files to /vagrant/subjects/tool_subjects/swifthand/net.fercanet.LNM_3_src/bin/classes
     [echo] Instrumenting classes from /vagrant/subjects/tool_subjects/swifthand/net.fercanet.LNM_3_src/bin/classes...

-post-compile:

-obfuscate:

-dex:
      [dex] input: /vagrant/subjects/tool_subjects/swifthand/net.fercanet.LNM_3_src/bin/classes
      [dex] input: /home/vagrant/android-sdk-linux/tools/support/annotations.jar
      [dex] input: /home/vagrant/android-sdk-linux/tools/lib/emma_device.jar
      [dex] Pre-Dexing /home/vagrant/android-sdk-linux/tools/support/annotations.jar -> annotations-5442badee1f6d6457826eac12c92c46e.jar
      [dex] Pre-Dexing /home/vagrant/android-sdk-linux/tools/lib/emma_device.jar -> emma_device-e790229f52a04d2b195df6976ccc31d7.jar
      [dex] Converting compiled files and external libraries into /vagrant/subjects/tool_subjects/swifthand/net.fercanet.LNM_3_src/bin/classes.dex...
       [dx] Merged dex A (33 defs/37.3KiB) with dex B (2 defs/1.1KiB). Result is 35 defs/44.4KiB. Took 0.5s
       [dx] Merged dex A (35 defs/44.4KiB) with dex B (297 defs/326.8KiB). Result is 332 defs/447.5KiB. Took 0.9s

-crunch:
   [crunch] Crunching PNG Files in source dir: /vagrant/subjects/tool_subjects/swifthand/net.fercanet.LNM_3_src/res
   [crunch] To destination dir: /vagrant/subjects/tool_subjects/swifthand/net.fercanet.LNM_3_src/bin/res
   [crunch] Processing image to cache: /vagrant/subjects/tool_subjects/swifthand/net.fercanet.LNM_3_src/res/drawable-land/background_game.png => /vagrant/subjects/tool_subjects/swifthand/net.fercanet.LNM_3_src/bin/res/drawable-land/background_game.png
   [crunch]   (processed image to cache entry /vagrant/subjects/tool_subjects/swifthand/net.fercanet.LNM_3_src/bin/res/drawable-land/background_game.png: 0% size of source)
   [crunch] Processing image to cache: /vagrant/subjects/tool_subjects/swifthand/net.fercanet.LNM_3_src/res/drawable-land/don_1.png => /vagrant/subjects/tool_subjects/swifthand/net.fercanet.LNM_3_src/bin/res/drawable-land/don_1.png
   [crunch]   (processed image to cache entry /vagrant/subjects/tool_subjects/swifthand/net.fercanet.LNM_3_src/bin/res/drawable-land/don_1.png: 85% size of source)
   [crunch] Processing image to cache: /vagrant/subjects/tool_subjects/swifthand/net.fercanet.LNM_3_src/res/drawable-land/don_2.png => /vagrant/subjects/tool_subjects/swifthand/net.fercanet.LNM_3_src/bin/res/drawable-land/don_2.png
   [crunch]   (processed image to cache entry /vagrant/subjects/tool_subjects/swifthand/net.fercanet.LNM_3_src/bin/res/drawable-land/don_2.png: 85% size of source)
   [crunch] Processing image to cache: /vagrant/subjects/tool_subjects/swifthand/net.fercanet.LNM_3_src/res/drawable-land/fa_1.png => /vagrant/subjects/tool_subjects/swifthand/net.fercanet.LNM_3_src/bin/res/drawable-land/fa_1.png
   [crunch]   (processed image to cache entry /vagrant/subjects/tool_subjects/swifthand/net.fercanet.LNM_3_src/bin/res/drawable-land/fa_1.png: 85% size of source)
   [crunch] Processing image to cache: /vagrant/subjects/tool_subjects/swifthand/net.fercanet.LNM_3_src/res/drawable-land/fa_2.png => /vagrant/subjects/tool_subjects/swifthand/net.fercanet.LNM_3_src/bin/res/drawable-land/fa_2.png
   [crunch]   (processed image to cache entry /vagrant/subjects/tool_subjects/swifthand/net.fercanet.LNM_3_src/bin/res/drawable-land/fa_2.png: 85% size of source)
   [crunch] Processing image to cache: /vagrant/subjects/tool_subjects/swifthand/net.fercanet.LNM_3_src/res/drawable-land/la_0.png => /vagrant/subjects/tool_subjects/swifthand/net.fercanet.LNM_3_src/bin/res/drawable-land/la_0.png
   [crunch]   (processed image to cache entry /vagrant/subjects/tool_subjects/swifthand/net.fercanet.LNM_3_src/bin/res/drawable-land/la_0.png: 76% size of source)
   [crunch] Processing image to cache: /vagrant/subjects/tool_subjects/swifthand/net.fercanet.LNM_3_src/res/drawable-land/la_1.png => /vagrant/subjects/tool_subjects/swifthand/net.fercanet.LNM_3_src/bin/res/drawable-land/la_1.png
   [crunch]   (processed image to cache entry /vagrant/subjects/tool_subjects/swifthand/net.fercanet.LNM_3_src/bin/res/drawable-land/la_1.png: 85% size of source)
   [crunch] Processing image to cache: /vagrant/subjects/tool_subjects/swifthand/net.fercanet.LNM_3_src/res/drawable-land/la_2.png => /vagrant/subjects/tool_subjects/swifthand/net.fercanet.LNM_3_src/bin/res/drawable-land/la_2.png
   [crunch]   (processed image to cache entry /vagrant/subjects/tool_subjects/swifthand/net.fercanet.LNM_3_src/bin/res/drawable-land/la_2.png: 85% size of source)
   [crunch] Processing image to cache: /vagrant/subjects/tool_subjects/swifthand/net.fercanet.LNM_3_src/res/drawable-land/mi_1.png => /vagrant/subjects/tool_subjects/swifthand/net.fercanet.LNM_3_src/bin/res/drawable-land/mi_1.png
   [crunch]   (processed image to cache entry /vagrant/subjects/tool_subjects/swifthand/net.fercanet.LNM_3_src/bin/res/drawable-land/mi_1.png: 85% size of source)
   [crunch] Processing image to cache: /vagrant/subjects/tool_subjects/swifthand/net.fercanet.LNM_3_src/res/drawable-land/mi_2.png => /vagrant/subjects/tool_subjects/swifthand/net.fercanet.LNM_3_src/bin/res/drawable-land/mi_2.png
   [crunch]   (processed image to cache entry /vagrant/subjects/tool_subjects/swifthand/net.fercanet.LNM_3_src/bin/res/drawable-land/mi_2.png: 85% size of source)
   [crunch] Processing image to cache: /vagrant/subjects/tool_subjects/swifthand/net.fercanet.LNM_3_src/res/drawable-land/re_1.png => /vagrant/subjects/tool_subjects/swifthand/net.fercanet.LNM_3_src/bin/res/drawable-land/re_1.png
   [crunch]   (processed image to cache entry /vagrant/subjects/tool_subjects/swifthand/net.fercanet.LNM_3_src/bin/res/drawable-land/re_1.png: 85% size of source)
   [crunch] Processing image to cache: /vagrant/subjects/tool_subjects/swifthand/net.fercanet.LNM_3_src/res/drawable-land/re_2.png => /vagrant/subjects/tool_subjects/swifthand/net.fercanet.LNM_3_src/bin/res/drawable-land/re_2.png
   [crunch]   (processed image to cache entry /vagrant/subjects/tool_subjects/swifthand/net.fercanet.LNM_3_src/bin/res/drawable-land/re_2.png: 85% size of source)
   [crunch] Processing image to cache: /vagrant/subjects/tool_subjects/swifthand/net.fercanet.LNM_3_src/res/drawable-land/score.png => /vagrant/subjects/tool_subjects/swifthand/net.fercanet.LNM_3_src/bin/res/drawable-land/score.png
   [crunch]   (processed image to cache entry /vagrant/subjects/tool_subjects/swifthand/net.fercanet.LNM_3_src/bin/res/drawable-land/score.png: 79% size of source)
   [crunch] Processing image to cache: /vagrant/subjects/tool_subjects/swifthand/net.fercanet.LNM_3_src/res/drawable-land/si_0.png => /vagrant/subjects/tool_subjects/swifthand/net.fercanet.LNM_3_src/bin/res/drawable-land/si_0.png
   [crunch]   (processed image to cache entry /vagrant/subjects/tool_subjects/swifthand/net.fercanet.LNM_3_src/bin/res/drawable-land/si_0.png: 76% size of source)
   [crunch] Processing image to cache: /vagrant/subjects/tool_subjects/swifthand/net.fercanet.LNM_3_src/res/drawable-land/si_1.png => /vagrant/subjects/tool_subjects/swifthand/net.fercanet.LNM_3_src/bin/res/drawable-land/si_1.png
   [crunch]   (processed image to cache entry /vagrant/subjects/tool_subjects/swifthand/net.fercanet.LNM_3_src/bin/res/drawable-land/si_1.png: 85% size of source)
   [crunch] Processing image to cache: /vagrant/subjects/tool_subjects/swifthand/net.fercanet.LNM_3_src/res/drawable-land/si_2.png => /vagrant/subjects/tool_subjects/swifthand/net.fercanet.LNM_3_src/bin/res/drawable-land/si_2.png
   [crunch]   (processed image to cache entry /vagrant/subjects/tool_subjects/swifthand/net.fercanet.LNM_3_src/bin/res/drawable-land/si_2.png: 85% size of source)
   [crunch] Processing image to cache: /vagrant/subjects/tool_subjects/swifthand/net.fercanet.LNM_3_src/res/drawable-land/sol_0.png => /vagrant/subjects/tool_subjects/swifthand/net.fercanet.LNM_3_src/bin/res/drawable-land/sol_0.png
   [crunch]   (processed image to cache entry /vagrant/subjects/tool_subjects/swifthand/net.fercanet.LNM_3_src/bin/res/drawable-land/sol_0.png: 84% size of source)
   [crunch] Processing image to cache: /vagrant/subjects/tool_subjects/swifthand/net.fercanet.LNM_3_src/res/drawable-land/sol_1.png => /vagrant/subjects/tool_subjects/swifthand/net.fercanet.LNM_3_src/bin/res/drawable-land/sol_1.png
   [crunch]   (processed image to cache entry /vagrant/subjects/tool_subjects/swifthand/net.fercanet.LNM_3_src/bin/res/drawable-land/sol_1.png: 85% size of source)
   [crunch] Processing image to cache: /vagrant/subjects/tool_subjects/swifthand/net.fercanet.LNM_3_src/res/drawable-land/sol_2.png => /vagrant/subjects/tool_subjects/swifthand/net.fercanet.LNM_3_src/bin/res/drawable-land/sol_2.png
   [crunch]   (processed image to cache entry /vagrant/subjects/tool_subjects/swifthand/net.fercanet.LNM_3_src/bin/res/drawable-land/sol_2.png: 85% size of source)
   [crunch] Processing image to cache: /vagrant/subjects/tool_subjects/swifthand/net.fercanet.LNM_3_src/res/drawable-normal-land-mdpi/dialog.png => /vagrant/subjects/tool_subjects/swifthand/net.fercanet.LNM_3_src/bin/res/drawable-normal-land-mdpi/dialog.png
   [crunch]   (processed image to cache entry /vagrant/subjects/tool_subjects/swifthand/net.fercanet.LNM_3_src/bin/res/drawable-normal-land-mdpi/dialog.png: 0% size of source)
   [crunch] Processing image to cache: /vagrant/subjects/tool_subjects/swifthand/net.fercanet.LNM_3_src/res/drawable-normal-land-mdpi/menu.png => /vagrant/subjects/tool_subjects/swifthand/net.fercanet.LNM_3_src/bin/res/drawable-normal-land-mdpi/menu.png
   [crunch]   (processed image to cache entry /vagrant/subjects/tool_subjects/swifthand/net.fercanet.LNM_3_src/bin/res/drawable-normal-land-mdpi/menu.png: 0% size of source)
   [crunch] Processing image to cache: /vagrant/subjects/tool_subjects/swifthand/net.fercanet.LNM_3_src/res/drawable-normal-port-mdpi/dialog.png => /vagrant/subjects/tool_subjects/swifthand/net.fercanet.LNM_3_src/bin/res/drawable-normal-port-mdpi/dialog.png
   [crunch]   (processed image to cache entry /vagrant/subjects/tool_subjects/swifthand/net.fercanet.LNM_3_src/bin/res/drawable-normal-port-mdpi/dialog.png: 0% size of source)
   [crunch] Processing image to cache: /vagrant/subjects/tool_subjects/swifthand/net.fercanet.LNM_3_src/res/drawable-normal-port-mdpi/menu.png => /vagrant/subjects/tool_subjects/swifthand/net.fercanet.LNM_3_src/bin/res/drawable-normal-port-mdpi/menu.png
   [crunch]   (processed image to cache entry /vagrant/subjects/tool_subjects/swifthand/net.fercanet.LNM_3_src/bin/res/drawable-normal-port-mdpi/menu.png: 0% size of source)
   [crunch] Processing image to cache: /vagrant/subjects/tool_subjects/swifthand/net.fercanet.LNM_3_src/res/drawable-port/background_game.png => /vagrant/subjects/tool_subjects/swifthand/net.fercanet.LNM_3_src/bin/res/drawable-port/background_game.png
   [crunch]   (processed image to cache entry /vagrant/subjects/tool_subjects/swifthand/net.fercanet.LNM_3_src/bin/res/drawable-port/background_game.png: 0% size of source)
   [crunch] Processing image to cache: /vagrant/subjects/tool_subjects/swifthand/net.fercanet.LNM_3_src/res/drawable-port/background_hof.png => /vagrant/subjects/tool_subjects/swifthand/net.fercanet.LNM_3_src/bin/res/drawable-port/background_hof.png
   [crunch]   (processed image to cache entry /vagrant/subjects/tool_subjects/swifthand/net.fercanet.LNM_3_src/bin/res/drawable-port/background_hof.png: 77% size of source)
   [crunch] Processing image to cache: /vagrant/subjects/tool_subjects/swifthand/net.fercanet.LNM_3_src/res/drawable-port/background_main.png => /vagrant/subjects/tool_subjects/swifthand/net.fercanet.LNM_3_src/bin/res/drawable-port/background_main.png
   [crunch]   (processed image to cache entry /vagrant/subjects/tool_subjects/swifthand/net.fercanet.LNM_3_src/bin/res/drawable-port/background_main.png: 72% size of source)
   [crunch] Processing image to cache: /vagrant/subjects/tool_subjects/swifthand/net.fercanet.LNM_3_src/res/drawable-port/background_settings.png => /vagrant/subjects/tool_subjects/swifthand/net.fercanet.LNM_3_src/bin/res/drawable-port/background_settings.png
   [crunch]   (processed image to cache entry /vagrant/subjects/tool_subjects/swifthand/net.fercanet.LNM_3_src/bin/res/drawable-port/background_settings.png: 82% size of source)
   [crunch] Processing image to cache: /vagrant/subjects/tool_subjects/swifthand/net.fercanet.LNM_3_src/res/drawable-port/don_1.png => /vagrant/subjects/tool_subjects/swifthand/net.fercanet.LNM_3_src/bin/res/drawable-port/don_1.png
   [crunch]   (processed image to cache entry /vagrant/subjects/tool_subjects/swifthand/net.fercanet.LNM_3_src/bin/res/drawable-port/don_1.png: 80% size of source)
   [crunch] Processing image to cache: /vagrant/subjects/tool_subjects/swifthand/net.fercanet.LNM_3_src/res/drawable-port/don_2.png => /vagrant/subjects/tool_subjects/swifthand/net.fercanet.LNM_3_src/bin/res/drawable-port/don_2.png
   [crunch]   (processed image to cache entry /vagrant/subjects/tool_subjects/swifthand/net.fercanet.LNM_3_src/bin/res/drawable-port/don_2.png: 80% size of source)
   [crunch] Processing image to cache: /vagrant/subjects/tool_subjects/swifthand/net.fercanet.LNM_3_src/res/drawable-port/fa_1.png => /vagrant/subjects/tool_subjects/swifthand/net.fercanet.LNM_3_src/bin/res/drawable-port/fa_1.png
   [crunch]   (processed image to cache entry /vagrant/subjects/tool_subjects/swifthand/net.fercanet.LNM_3_src/bin/res/drawable-port/fa_1.png: 80% size of source)
   [crunch] Processing image to cache: /vagrant/subjects/tool_subjects/swifthand/net.fercanet.LNM_3_src/res/drawable-port/fa_2.png => /vagrant/subjects/tool_subjects/swifthand/net.fercanet.LNM_3_src/bin/res/drawable-port/fa_2.png
   [crunch]   (processed image to cache entry /vagrant/subjects/tool_subjects/swifthand/net.fercanet.LNM_3_src/bin/res/drawable-port/fa_2.png: 80% size of source)
   [crunch] Processing image to cache: /vagrant/subjects/tool_subjects/swifthand/net.fercanet.LNM_3_src/res/drawable-port/la_0.png => /vagrant/subjects/tool_subjects/swifthand/net.fercanet.LNM_3_src/bin/res/drawable-port/la_0.png
   [crunch]   (processed image to cache entry /vagrant/subjects/tool_subjects/swifthand/net.fercanet.LNM_3_src/bin/res/drawable-port/la_0.png: 79% size of source)
   [crunch] Processing image to cache: /vagrant/subjects/tool_subjects/swifthand/net.fercanet.LNM_3_src/res/drawable-port/la_1.png => /vagrant/subjects/tool_subjects/swifthand/net.fercanet.LNM_3_src/bin/res/drawable-port/la_1.png
   [crunch]   (processed image to cache entry /vagrant/subjects/tool_subjects/swifthand/net.fercanet.LNM_3_src/bin/res/drawable-port/la_1.png: 80% size of source)
   [crunch] Processing image to cache: /vagrant/subjects/tool_subjects/swifthand/net.fercanet.LNM_3_src/res/drawable-port/la_2.png => /vagrant/subjects/tool_subjects/swifthand/net.fercanet.LNM_3_src/bin/res/drawable-port/la_2.png
   [crunch]   (processed image to cache entry /vagrant/subjects/tool_subjects/swifthand/net.fercanet.LNM_3_src/bin/res/drawable-port/la_2.png: 80% size of source)
   [crunch] Processing image to cache: /vagrant/subjects/tool_subjects/swifthand/net.fercanet.LNM_3_src/res/drawable-port/mi_1.png => /vagrant/subjects/tool_subjects/swifthand/net.fercanet.LNM_3_src/bin/res/drawable-port/mi_1.png
   [crunch]   (processed image to cache entry /vagrant/subjects/tool_subjects/swifthand/net.fercanet.LNM_3_src/bin/res/drawable-port/mi_1.png: 80% size of source)
   [crunch] Processing image to cache: /vagrant/subjects/tool_subjects/swifthand/net.fercanet.LNM_3_src/res/drawable-port/mi_2.png => /vagrant/subjects/tool_subjects/swifthand/net.fercanet.LNM_3_src/bin/res/drawable-port/mi_2.png
   [crunch]   (processed image to cache entry /vagrant/subjects/tool_subjects/swifthand/net.fercanet.LNM_3_src/bin/res/drawable-port/mi_2.png: 80% size of source)
   [crunch] Processing image to cache: /vagrant/subjects/tool_subjects/swifthand/net.fercanet.LNM_3_src/res/drawable-port/re_1.png => /vagrant/subjects/tool_subjects/swifthand/net.fercanet.LNM_3_src/bin/res/drawable-port/re_1.png
   [crunch]   (processed image to cache entry /vagrant/subjects/tool_subjects/swifthand/net.fercanet.LNM_3_src/bin/res/drawable-port/re_1.png: 80% size of source)
   [crunch] Processing image to cache: /vagrant/subjects/tool_subjects/swifthand/net.fercanet.LNM_3_src/res/drawable-port/re_2.png => /vagrant/subjects/tool_subjects/swifthand/net.fercanet.LNM_3_src/bin/res/drawable-port/re_2.png
   [crunch]   (processed image to cache entry /vagrant/subjects/tool_subjects/swifthand/net.fercanet.LNM_3_src/bin/res/drawable-port/re_2.png: 80% size of source)
   [crunch] Processing image to cache: /vagrant/subjects/tool_subjects/swifthand/net.fercanet.LNM_3_src/res/drawable-port/score.png => /vagrant/subjects/tool_subjects/swifthand/net.fercanet.LNM_3_src/bin/res/drawable-port/score.png
   [crunch]   (processed image to cache entry /vagrant/subjects/tool_subjects/swifthand/net.fercanet.LNM_3_src/bin/res/drawable-port/score.png: 82% size of source)
   [crunch] Processing image to cache: /vagrant/subjects/tool_subjects/swifthand/net.fercanet.LNM_3_src/res/drawable-port/si_0.png => /vagrant/subjects/tool_subjects/swifthand/net.fercanet.LNM_3_src/bin/res/drawable-port/si_0.png
   [crunch]   (processed image to cache entry /vagrant/subjects/tool_subjects/swifthand/net.fercanet.LNM_3_src/bin/res/drawable-port/si_0.png: 79% size of source)
   [crunch] Processing image to cache: /vagrant/subjects/tool_subjects/swifthand/net.fercanet.LNM_3_src/res/drawable-port/si_1.png => /vagrant/subjects/tool_subjects/swifthand/net.fercanet.LNM_3_src/bin/res/drawable-port/si_1.png
   [crunch]   (processed image to cache entry /vagrant/subjects/tool_subjects/swifthand/net.fercanet.LNM_3_src/bin/res/drawable-port/si_1.png: 80% size of source)
   [crunch] Processing image to cache: /vagrant/subjects/tool_subjects/swifthand/net.fercanet.LNM_3_src/res/drawable-port/si_2.png => /vagrant/subjects/tool_subjects/swifthand/net.fercanet.LNM_3_src/bin/res/drawable-port/si_2.png
   [crunch]   (processed image to cache entry /vagrant/subjects/tool_subjects/swifthand/net.fercanet.LNM_3_src/bin/res/drawable-port/si_2.png: 80% size of source)
   [crunch] Processing image to cache: /vagrant/subjects/tool_subjects/swifthand/net.fercanet.LNM_3_src/res/drawable-port/sol_0.png => /vagrant/subjects/tool_subjects/swifthand/net.fercanet.LNM_3_src/bin/res/drawable-port/sol_0.png
   [crunch]   (processed image to cache entry /vagrant/subjects/tool_subjects/swifthand/net.fercanet.LNM_3_src/bin/res/drawable-port/sol_0.png: 79% size of source)
   [crunch] Processing image to cache: /vagrant/subjects/tool_subjects/swifthand/net.fercanet.LNM_3_src/res/drawable-port/sol_1.png => /vagrant/subjects/tool_subjects/swifthand/net.fercanet.LNM_3_src/bin/res/drawable-port/sol_1.png
   [crunch]   (processed image to cache entry /vagrant/subjects/tool_subjects/swifthand/net.fercanet.LNM_3_src/bin/res/drawable-port/sol_1.png: 80% size of source)
   [crunch] Processing image to cache: /vagrant/subjects/tool_subjects/swifthand/net.fercanet.LNM_3_src/res/drawable-port/sol_2.png => /vagrant/subjects/tool_subjects/swifthand/net.fercanet.LNM_3_src/bin/res/drawable-port/sol_2.png
   [crunch]   (processed image to cache entry /vagrant/subjects/tool_subjects/swifthand/net.fercanet.LNM_3_src/bin/res/drawable-port/sol_2.png: 80% size of source)
   [crunch] Processing image to cache: /vagrant/subjects/tool_subjects/swifthand/net.fercanet.LNM_3_src/res/drawable/dialog.png => /vagrant/subjects/tool_subjects/swifthand/net.fercanet.LNM_3_src/bin/res/drawable/dialog.png
   [crunch]   (processed image to cache entry /vagrant/subjects/tool_subjects/swifthand/net.fercanet.LNM_3_src/bin/res/drawable/dialog.png: 0% size of source)
   [crunch] Processing image to cache: /vagrant/subjects/tool_subjects/swifthand/net.fercanet.LNM_3_src/res/drawable/menu.png => /vagrant/subjects/tool_subjects/swifthand/net.fercanet.LNM_3_src/bin/res/drawable/menu.png
   [crunch]   (processed image to cache entry /vagrant/subjects/tool_subjects/swifthand/net.fercanet.LNM_3_src/bin/res/drawable/menu.png: 0% size of source)
   [crunch] Processing image to cache: /vagrant/subjects/tool_subjects/swifthand/net.fercanet.LNM_3_src/res/drawable/menu_hof.png => /vagrant/subjects/tool_subjects/swifthand/net.fercanet.LNM_3_src/bin/res/drawable/menu_hof.png
   [crunch]   (processed image to cache entry /vagrant/subjects/tool_subjects/swifthand/net.fercanet.LNM_3_src/bin/res/drawable/menu_hof.png: 0% size of source)
   [crunch] Processing image to cache: /vagrant/subjects/tool_subjects/swifthand/net.fercanet.LNM_3_src/res/drawable/menu_omt.png => /vagrant/subjects/tool_subjects/swifthand/net.fercanet.LNM_3_src/bin/res/drawable/menu_omt.png
   [crunch]   (processed image to cache entry /vagrant/subjects/tool_subjects/swifthand/net.fercanet.LNM_3_src/bin/res/drawable/menu_omt.png: 0% size of source)
   [crunch] Processing image to cache: /vagrant/subjects/tool_subjects/swifthand/net.fercanet.LNM_3_src/res/drawable/menu_quit.png => /vagrant/subjects/tool_subjects/swifthand/net.fercanet.LNM_3_src/bin/res/drawable/menu_quit.png
   [crunch]   (processed image to cache entry /vagrant/subjects/tool_subjects/swifthand/net.fercanet.LNM_3_src/bin/res/drawable/menu_quit.png: 0% size of source)
   [crunch] Processing image to cache: /vagrant/subjects/tool_subjects/swifthand/net.fercanet.LNM_3_src/res/drawable/menu_settings.png => /vagrant/subjects/tool_subjects/swifthand/net.fercanet.LNM_3_src/bin/res/drawable/menu_settings.png
   [crunch]   (processed image to cache entry /vagrant/subjects/tool_subjects/swifthand/net.fercanet.LNM_3_src/bin/res/drawable/menu_settings.png: 0% size of source)
   [crunch] Processing image to cache: /vagrant/subjects/tool_subjects/swifthand/net.fercanet.LNM_3_src/res/drawable/menu_training.png => /vagrant/subjects/tool_subjects/swifthand/net.fercanet.LNM_3_src/bin/res/drawable/menu_training.png
   [crunch]   (processed image to cache entry /vagrant/subjects/tool_subjects/swifthand/net.fercanet.LNM_3_src/bin/res/drawable/menu_training.png: 0% size of source)
   [crunch] Crunched 52 PNG files to update cache

-package-resources:
     [aapt] Creating full resource package...
     [aapt] Warning: AndroidManifest.xml already defines debuggable (in http://schemas.android.com/apk/res/android); using existing value in manifest.

-package:
[apkbuilder] Current build type is different than previous build: forced apkbuilder run.
[apkbuilder] Creating MainMenu-debug-unaligned.apk and signing it with a debug key...

-post-package:

-do-debug:
 [zipalign] Running zip align on final apk...
     [echo] Debug Package: /vagrant/subjects/tool_subjects/swifthand/net.fercanet.LNM_3_src/bin/MainMenu-debug.apk
[propertyfile] Creating new property file: /vagrant/subjects/tool_subjects/swifthand/net.fercanet.LNM_3_src/bin/build.prop
[propertyfile] Updating property file: /vagrant/subjects/tool_subjects/swifthand/net.fercanet.LNM_3_src/bin/build.prop
[propertyfile] Updating property file: /vagrant/subjects/tool_subjects/swifthand/net.fercanet.LNM_3_src/bin/build.prop
[propertyfile] Updating property file: /vagrant/subjects/tool_subjects/swifthand/net.fercanet.LNM_3_src/bin/build.prop

-post-build:

debug:

BUILD SUCCESSFUL
Total time: 42 seconds
