Buildfile: /vagrant/subjects/tool_subjects/swifthand/cri.sanity_21100_src/build.xml

emma:

-set-mode-check:

-set-debug-files:

-check-env:
 [checkenv] Android SDK Tools Revision 23.0.2
 [checkenv] Installed at /home/vagrant/android-sdk-linux

-setup:
     [echo] Project Name: MainActivity
  [gettype] Project Type: Self-Tested Application

-set-debug-mode:

-debug-obfuscation-check:

-pre-build:

-build-setup:
[getbuildtools] Using latest Build Tools: 20.0.0
     [echo] Resolving Build Target for MainActivity...
[gettarget] Project Target:   Android 2.3.3
[gettarget] API level:        10
     [echo] ----------
     [echo] Creating output directories if needed...
    [mkdir] Created dir: /vagrant/subjects/tool_subjects/swifthand/cri.sanity_21100_src/bin
    [mkdir] Created dir: /vagrant/subjects/tool_subjects/swifthand/cri.sanity_21100_src/bin/res
    [mkdir] Created dir: /vagrant/subjects/tool_subjects/swifthand/cri.sanity_21100_src/bin/rsObj
    [mkdir] Created dir: /vagrant/subjects/tool_subjects/swifthand/cri.sanity_21100_src/bin/rsLibs
    [mkdir] Created dir: /vagrant/subjects/tool_subjects/swifthand/cri.sanity_21100_src/gen
    [mkdir] Created dir: /vagrant/subjects/tool_subjects/swifthand/cri.sanity_21100_src/bin/classes
    [mkdir] Created dir: /vagrant/subjects/tool_subjects/swifthand/cri.sanity_21100_src/bin/dexedLibs
     [echo] ----------
     [echo] Resolving Dependencies for MainActivity...
[dependency] Library dependencies:
[dependency] No Libraries
[dependency] 
[dependency] ------------------
[dependency] API<=15: Adding annotations.jar to the classpath.
     [echo] ----------
     [echo] Building Libraries with 'instrument'...
   [subant] No sub-builds to iterate on

-code-gen:
[mergemanifest] Merging AndroidManifest files into one.
[mergemanifest] Manifest merger disabled. Using project manifest only.
     [echo] Handling aidl files...
     [aidl] No AIDL files to compile.
     [echo] ----------
     [echo] Handling RenderScript files...
     [echo] ----------
     [echo] Handling Resources...
     [aapt] Generating resource IDs...
     [echo] ----------
     [echo] Handling BuildConfig class...
[buildconfig] Generating BuildConfig class.

-pre-compile:

-compile:
    [javac] Compiling 80 source files to /vagrant/subjects/tool_subjects/swifthand/cri.sanity_21100_src/bin/classes
     [echo] Instrumenting classes from /vagrant/subjects/tool_subjects/swifthand/cri.sanity_21100_src/bin/classes...

-post-compile:

-obfuscate:

-dex:
      [dex] input: /vagrant/subjects/tool_subjects/swifthand/cri.sanity_21100_src/bin/classes
      [dex] input: /home/vagrant/android-sdk-linux/tools/support/annotations.jar
      [dex] input: /home/vagrant/android-sdk-linux/tools/lib/emma_device.jar
      [dex] Pre-Dexing /home/vagrant/android-sdk-linux/tools/support/annotations.jar -> annotations-5442badee1f6d6457826eac12c92c46e.jar
      [dex] Pre-Dexing /home/vagrant/android-sdk-linux/tools/lib/emma_device.jar -> emma_device-e790229f52a04d2b195df6976ccc31d7.jar
      [dex] Converting compiled files and external libraries into /vagrant/subjects/tool_subjects/swifthand/cri.sanity_21100_src/bin/classes.dex...
       [dx] Merged dex A (282 defs/395.0KiB) with dex B (2 defs/1.1KiB). Result is 284 defs/480.4KiB. Took 1.4s
       [dx] Merged dex A (284 defs/480.4KiB) with dex B (297 defs/326.8KiB). Result is 581 defs/998.5KiB. Took 0.9s

-crunch:
   [crunch] Crunching PNG Files in source dir: /vagrant/subjects/tool_subjects/swifthand/cri.sanity_21100_src/res
   [crunch] To destination dir: /vagrant/subjects/tool_subjects/swifthand/cri.sanity_21100_src/bin/res
   [crunch] Processing image to cache: /vagrant/subjects/tool_subjects/swifthand/cri.sanity_21100_src/res/drawable-hdpi/ic_airplane.png => /vagrant/subjects/tool_subjects/swifthand/cri.sanity_21100_src/bin/res/drawable-hdpi/ic_airplane.png
   [crunch]   (processed image to cache entry /vagrant/subjects/tool_subjects/swifthand/cri.sanity_21100_src/bin/res/drawable-hdpi/ic_airplane.png: 45% size of source)
   [crunch] Processing image to cache: /vagrant/subjects/tool_subjects/swifthand/cri.sanity_21100_src/res/drawable-hdpi/ic_app.png => /vagrant/subjects/tool_subjects/swifthand/cri.sanity_21100_src/bin/res/drawable-hdpi/ic_app.png
   [crunch]   (processed image to cache entry /vagrant/subjects/tool_subjects/swifthand/cri.sanity_21100_src/bin/res/drawable-hdpi/ic_app.png: 89% size of source)
   [crunch] Processing image to cache: /vagrant/subjects/tool_subjects/swifthand/cri.sanity_21100_src/res/drawable-hdpi/ic_bar.png => /vagrant/subjects/tool_subjects/swifthand/cri.sanity_21100_src/bin/res/drawable-hdpi/ic_bar.png
   [crunch]   (processed image to cache entry /vagrant/subjects/tool_subjects/swifthand/cri.sanity_21100_src/bin/res/drawable-hdpi/ic_bar.png: 0% size of source)
   [crunch] Processing image to cache: /vagrant/subjects/tool_subjects/swifthand/cri.sanity_21100_src/res/drawable-hdpi/ic_block_bar.png => /vagrant/subjects/tool_subjects/swifthand/cri.sanity_21100_src/bin/res/drawable-hdpi/ic_block_bar.png
   [crunch]   (processed image to cache entry /vagrant/subjects/tool_subjects/swifthand/cri.sanity_21100_src/bin/res/drawable-hdpi/ic_block_bar.png: 0% size of source)
   [crunch] Processing image to cache: /vagrant/subjects/tool_subjects/swifthand/cri.sanity_21100_src/res/drawable-hdpi/ic_prf.png => /vagrant/subjects/tool_subjects/swifthand/cri.sanity_21100_src/bin/res/drawable-hdpi/ic_prf.png
   [crunch]   (processed image to cache entry /vagrant/subjects/tool_subjects/swifthand/cri.sanity_21100_src/bin/res/drawable-hdpi/ic_prf.png: 83% size of source)
   [crunch] Processing image to cache: /vagrant/subjects/tool_subjects/swifthand/cri.sanity_21100_src/res/drawable-hdpi/ic_rec_bar.png => /vagrant/subjects/tool_subjects/swifthand/cri.sanity_21100_src/bin/res/drawable-hdpi/ic_rec_bar.png
   [crunch]   (processed image to cache entry /vagrant/subjects/tool_subjects/swifthand/cri.sanity_21100_src/bin/res/drawable-hdpi/ic_rec_bar.png: 0% size of source)
   [crunch] Processing image to cache: /vagrant/subjects/tool_subjects/swifthand/cri.sanity_21100_src/res/drawable-hdpi/ic_rec_now.png => /vagrant/subjects/tool_subjects/swifthand/cri.sanity_21100_src/bin/res/drawable-hdpi/ic_rec_now.png
   [crunch]   (processed image to cache entry /vagrant/subjects/tool_subjects/swifthand/cri.sanity_21100_src/bin/res/drawable-hdpi/ic_rec_now.png: 51% size of source)
   [crunch] Processing image to cache: /vagrant/subjects/tool_subjects/swifthand/cri.sanity_21100_src/res/drawable-hdpi/ic_silent.png => /vagrant/subjects/tool_subjects/swifthand/cri.sanity_21100_src/bin/res/drawable-hdpi/ic_silent.png
   [crunch]   (processed image to cache entry /vagrant/subjects/tool_subjects/swifthand/cri.sanity_21100_src/bin/res/drawable-hdpi/ic_silent.png: 0% size of source)
   [crunch] Processing image to cache: /vagrant/subjects/tool_subjects/swifthand/cri.sanity_21100_src/res/drawable-hdpi/ic_timeout_bar.png => /vagrant/subjects/tool_subjects/swifthand/cri.sanity_21100_src/bin/res/drawable-hdpi/ic_timeout_bar.png
   [crunch]   (processed image to cache entry /vagrant/subjects/tool_subjects/swifthand/cri.sanity_21100_src/bin/res/drawable-hdpi/ic_timeout_bar.png: 0% size of source)
   [crunch] Processing image to cache: /vagrant/subjects/tool_subjects/swifthand/cri.sanity_21100_src/res/drawable-hdpi/menu_about.png => /vagrant/subjects/tool_subjects/swifthand/cri.sanity_21100_src/bin/res/drawable-hdpi/menu_about.png
   [crunch]   (processed image to cache entry /vagrant/subjects/tool_subjects/swifthand/cri.sanity_21100_src/bin/res/drawable-hdpi/menu_about.png: 0% size of source)
   [crunch] Processing image to cache: /vagrant/subjects/tool_subjects/swifthand/cri.sanity_21100_src/res/drawable-hdpi/menu_anonym.png => /vagrant/subjects/tool_subjects/swifthand/cri.sanity_21100_src/bin/res/drawable-hdpi/menu_anonym.png
   [crunch]   (processed image to cache entry /vagrant/subjects/tool_subjects/swifthand/cri.sanity_21100_src/bin/res/drawable-hdpi/menu_anonym.png: 0% size of source)
   [crunch] Processing image to cache: /vagrant/subjects/tool_subjects/swifthand/cri.sanity_21100_src/res/drawable-hdpi/menu_answer.png => /vagrant/subjects/tool_subjects/swifthand/cri.sanity_21100_src/bin/res/drawable-hdpi/menu_answer.png
   [crunch]   (processed image to cache entry /vagrant/subjects/tool_subjects/swifthand/cri.sanity_21100_src/bin/res/drawable-hdpi/menu_answer.png: 0% size of source)
   [crunch] Processing image to cache: /vagrant/subjects/tool_subjects/swifthand/cri.sanity_21100_src/res/drawable-hdpi/menu_block.png => /vagrant/subjects/tool_subjects/swifthand/cri.sanity_21100_src/bin/res/drawable-hdpi/menu_block.png
   [crunch]   (processed image to cache entry /vagrant/subjects/tool_subjects/swifthand/cri.sanity_21100_src/bin/res/drawable-hdpi/menu_block.png: 0% size of source)
   [crunch] Processing image to cache: /vagrant/subjects/tool_subjects/swifthand/cri.sanity_21100_src/res/drawable-hdpi/menu_browse.png => /vagrant/subjects/tool_subjects/swifthand/cri.sanity_21100_src/bin/res/drawable-hdpi/menu_browse.png
   [crunch]   (processed image to cache entry /vagrant/subjects/tool_subjects/swifthand/cri.sanity_21100_src/bin/res/drawable-hdpi/menu_browse.png: 90% size of source)
   [crunch] Processing image to cache: /vagrant/subjects/tool_subjects/swifthand/cri.sanity_21100_src/res/drawable-hdpi/menu_devices.png => /vagrant/subjects/tool_subjects/swifthand/cri.sanity_21100_src/bin/res/drawable-hdpi/menu_devices.png
   [crunch]   (processed image to cache entry /vagrant/subjects/tool_subjects/swifthand/cri.sanity_21100_src/bin/res/drawable-hdpi/menu_devices.png: 0% size of source)
   [crunch] Processing image to cache: /vagrant/subjects/tool_subjects/swifthand/cri.sanity_21100_src/res/drawable-hdpi/menu_general.png => /vagrant/subjects/tool_subjects/swifthand/cri.sanity_21100_src/bin/res/drawable-hdpi/menu_general.png
   [crunch]   (processed image to cache entry /vagrant/subjects/tool_subjects/swifthand/cri.sanity_21100_src/bin/res/drawable-hdpi/menu_general.png: 84% size of source)
   [crunch] Processing image to cache: /vagrant/subjects/tool_subjects/swifthand/cri.sanity_21100_src/res/drawable-hdpi/menu_notify.png => /vagrant/subjects/tool_subjects/swifthand/cri.sanity_21100_src/bin/res/drawable-hdpi/menu_notify.png
   [crunch]   (processed image to cache entry /vagrant/subjects/tool_subjects/swifthand/cri.sanity_21100_src/bin/res/drawable-hdpi/menu_notify.png: 0% size of source)
   [crunch] Processing image to cache: /vagrant/subjects/tool_subjects/swifthand/cri.sanity_21100_src/res/drawable-hdpi/menu_profiles.png => /vagrant/subjects/tool_subjects/swifthand/cri.sanity_21100_src/bin/res/drawable-hdpi/menu_profiles.png
   [crunch]   (processed image to cache entry /vagrant/subjects/tool_subjects/swifthand/cri.sanity_21100_src/bin/res/drawable-hdpi/menu_profiles.png: 0% size of source)
   [crunch] Processing image to cache: /vagrant/subjects/tool_subjects/swifthand/cri.sanity_21100_src/res/drawable-hdpi/menu_proximity.png => /vagrant/subjects/tool_subjects/swifthand/cri.sanity_21100_src/bin/res/drawable-hdpi/menu_proximity.png
   [crunch]   (processed image to cache entry /vagrant/subjects/tool_subjects/swifthand/cri.sanity_21100_src/bin/res/drawable-hdpi/menu_proximity.png: 0% size of source)
   [crunch] Processing image to cache: /vagrant/subjects/tool_subjects/swifthand/cri.sanity_21100_src/res/drawable-hdpi/menu_rec.png => /vagrant/subjects/tool_subjects/swifthand/cri.sanity_21100_src/bin/res/drawable-hdpi/menu_rec.png
   [crunch]   (processed image to cache entry /vagrant/subjects/tool_subjects/swifthand/cri.sanity_21100_src/bin/res/drawable-hdpi/menu_rec.png: 0% size of source)
   [crunch] Processing image to cache: /vagrant/subjects/tool_subjects/swifthand/cri.sanity_21100_src/res/drawable-hdpi/menu_speaker.png => /vagrant/subjects/tool_subjects/swifthand/cri.sanity_21100_src/bin/res/drawable-hdpi/menu_speaker.png
   [crunch]   (processed image to cache entry /vagrant/subjects/tool_subjects/swifthand/cri.sanity_21100_src/bin/res/drawable-hdpi/menu_speaker.png: 0% size of source)
   [crunch] Processing image to cache: /vagrant/subjects/tool_subjects/swifthand/cri.sanity_21100_src/res/drawable-hdpi/menu_tts.png => /vagrant/subjects/tool_subjects/swifthand/cri.sanity_21100_src/bin/res/drawable-hdpi/menu_tts.png
   [crunch]   (processed image to cache entry /vagrant/subjects/tool_subjects/swifthand/cri.sanity_21100_src/bin/res/drawable-hdpi/menu_tts.png: 0% size of source)
   [crunch] Processing image to cache: /vagrant/subjects/tool_subjects/swifthand/cri.sanity_21100_src/res/drawable-hdpi/menu_urgent.png => /vagrant/subjects/tool_subjects/swifthand/cri.sanity_21100_src/bin/res/drawable-hdpi/menu_urgent.png
   [crunch]   (processed image to cache entry /vagrant/subjects/tool_subjects/swifthand/cri.sanity_21100_src/bin/res/drawable-hdpi/menu_urgent.png: 0% size of source)
   [crunch] Processing image to cache: /vagrant/subjects/tool_subjects/swifthand/cri.sanity_21100_src/res/drawable-hdpi/menu_vibra.png => /vagrant/subjects/tool_subjects/swifthand/cri.sanity_21100_src/bin/res/drawable-hdpi/menu_vibra.png
   [crunch]   (processed image to cache entry /vagrant/subjects/tool_subjects/swifthand/cri.sanity_21100_src/bin/res/drawable-hdpi/menu_vibra.png: 0% size of source)
   [crunch] Processing image to cache: /vagrant/subjects/tool_subjects/swifthand/cri.sanity_21100_src/res/drawable-hdpi/menu_vol.png => /vagrant/subjects/tool_subjects/swifthand/cri.sanity_21100_src/bin/res/drawable-hdpi/menu_vol.png
   [crunch]   (processed image to cache entry /vagrant/subjects/tool_subjects/swifthand/cri.sanity_21100_src/bin/res/drawable-hdpi/menu_vol.png: 0% size of source)
   [crunch] Processing image to cache: /vagrant/subjects/tool_subjects/swifthand/cri.sanity_21100_src/res/drawable-ldpi/ic_airplane.png => /vagrant/subjects/tool_subjects/swifthand/cri.sanity_21100_src/bin/res/drawable-ldpi/ic_airplane.png
   [crunch]   (processed image to cache entry /vagrant/subjects/tool_subjects/swifthand/cri.sanity_21100_src/bin/res/drawable-ldpi/ic_airplane.png: 0% size of source)
   [crunch] Processing image to cache: /vagrant/subjects/tool_subjects/swifthand/cri.sanity_21100_src/res/drawable-ldpi/ic_app.png => /vagrant/subjects/tool_subjects/swifthand/cri.sanity_21100_src/bin/res/drawable-ldpi/ic_app.png
   [crunch]   (processed image to cache entry /vagrant/subjects/tool_subjects/swifthand/cri.sanity_21100_src/bin/res/drawable-ldpi/ic_app.png: 0% size of source)
   [crunch] Processing image to cache: /vagrant/subjects/tool_subjects/swifthand/cri.sanity_21100_src/res/drawable-ldpi/ic_bar.png => /vagrant/subjects/tool_subjects/swifthand/cri.sanity_21100_src/bin/res/drawable-ldpi/ic_bar.png
   [crunch]   (processed image to cache entry /vagrant/subjects/tool_subjects/swifthand/cri.sanity_21100_src/bin/res/drawable-ldpi/ic_bar.png: 0% size of source)
   [crunch] Processing image to cache: /vagrant/subjects/tool_subjects/swifthand/cri.sanity_21100_src/res/drawable-ldpi/ic_block_bar.png => /vagrant/subjects/tool_subjects/swifthand/cri.sanity_21100_src/bin/res/drawable-ldpi/ic_block_bar.png
   [crunch]   (processed image to cache entry /vagrant/subjects/tool_subjects/swifthand/cri.sanity_21100_src/bin/res/drawable-ldpi/ic_block_bar.png: 0% size of source)
   [crunch] Processing image to cache: /vagrant/subjects/tool_subjects/swifthand/cri.sanity_21100_src/res/drawable-ldpi/ic_prf.png => /vagrant/subjects/tool_subjects/swifthand/cri.sanity_21100_src/bin/res/drawable-ldpi/ic_prf.png
   [crunch]   (processed image to cache entry /vagrant/subjects/tool_subjects/swifthand/cri.sanity_21100_src/bin/res/drawable-ldpi/ic_prf.png: 0% size of source)
   [crunch] Processing image to cache: /vagrant/subjects/tool_subjects/swifthand/cri.sanity_21100_src/res/drawable-ldpi/ic_rec_bar.png => /vagrant/subjects/tool_subjects/swifthand/cri.sanity_21100_src/bin/res/drawable-ldpi/ic_rec_bar.png
   [crunch]   (processed image to cache entry /vagrant/subjects/tool_subjects/swifthand/cri.sanity_21100_src/bin/res/drawable-ldpi/ic_rec_bar.png: 0% size of source)
   [crunch] Processing image to cache: /vagrant/subjects/tool_subjects/swifthand/cri.sanity_21100_src/res/drawable-ldpi/ic_rec_now.png => /vagrant/subjects/tool_subjects/swifthand/cri.sanity_21100_src/bin/res/drawable-ldpi/ic_rec_now.png
   [crunch]   (processed image to cache entry /vagrant/subjects/tool_subjects/swifthand/cri.sanity_21100_src/bin/res/drawable-ldpi/ic_rec_now.png: 0% size of source)
   [crunch] Processing image to cache: /vagrant/subjects/tool_subjects/swifthand/cri.sanity_21100_src/res/drawable-ldpi/ic_silent.png => /vagrant/subjects/tool_subjects/swifthand/cri.sanity_21100_src/bin/res/drawable-ldpi/ic_silent.png
   [crunch]   (processed image to cache entry /vagrant/subjects/tool_subjects/swifthand/cri.sanity_21100_src/bin/res/drawable-ldpi/ic_silent.png: 0% size of source)
   [crunch] Processing image to cache: /vagrant/subjects/tool_subjects/swifthand/cri.sanity_21100_src/res/drawable-ldpi/ic_timeout_bar.png => /vagrant/subjects/tool_subjects/swifthand/cri.sanity_21100_src/bin/res/drawable-ldpi/ic_timeout_bar.png
   [crunch]   (processed image to cache entry /vagrant/subjects/tool_subjects/swifthand/cri.sanity_21100_src/bin/res/drawable-ldpi/ic_timeout_bar.png: 0% size of source)
   [crunch] Processing image to cache: /vagrant/subjects/tool_subjects/swifthand/cri.sanity_21100_src/res/drawable-ldpi/menu_about.png => /vagrant/subjects/tool_subjects/swifthand/cri.sanity_21100_src/bin/res/drawable-ldpi/menu_about.png
   [crunch]   (processed image to cache entry /vagrant/subjects/tool_subjects/swifthand/cri.sanity_21100_src/bin/res/drawable-ldpi/menu_about.png: 0% size of source)
   [crunch] Processing image to cache: /vagrant/subjects/tool_subjects/swifthand/cri.sanity_21100_src/res/drawable-ldpi/menu_anonym.png => /vagrant/subjects/tool_subjects/swifthand/cri.sanity_21100_src/bin/res/drawable-ldpi/menu_anonym.png
   [crunch]   (processed image to cache entry /vagrant/subjects/tool_subjects/swifthand/cri.sanity_21100_src/bin/res/drawable-ldpi/menu_anonym.png: 0% size of source)
   [crunch] Processing image to cache: /vagrant/subjects/tool_subjects/swifthand/cri.sanity_21100_src/res/drawable-ldpi/menu_answer.png => /vagrant/subjects/tool_subjects/swifthand/cri.sanity_21100_src/bin/res/drawable-ldpi/menu_answer.png
   [crunch]   (processed image to cache entry /vagrant/subjects/tool_subjects/swifthand/cri.sanity_21100_src/bin/res/drawable-ldpi/menu_answer.png: 0% size of source)
   [crunch] Processing image to cache: /vagrant/subjects/tool_subjects/swifthand/cri.sanity_21100_src/res/drawable-ldpi/menu_block.png => /vagrant/subjects/tool_subjects/swifthand/cri.sanity_21100_src/bin/res/drawable-ldpi/menu_block.png
   [crunch]   (processed image to cache entry /vagrant/subjects/tool_subjects/swifthand/cri.sanity_21100_src/bin/res/drawable-ldpi/menu_block.png: 0% size of source)
   [crunch] Processing image to cache: /vagrant/subjects/tool_subjects/swifthand/cri.sanity_21100_src/res/drawable-ldpi/menu_browse.png => /vagrant/subjects/tool_subjects/swifthand/cri.sanity_21100_src/bin/res/drawable-ldpi/menu_browse.png
   [crunch]   (processed image to cache entry /vagrant/subjects/tool_subjects/swifthand/cri.sanity_21100_src/bin/res/drawable-ldpi/menu_browse.png: 0% size of source)
   [crunch] Processing image to cache: /vagrant/subjects/tool_subjects/swifthand/cri.sanity_21100_src/res/drawable-ldpi/menu_devices.png => /vagrant/subjects/tool_subjects/swifthand/cri.sanity_21100_src/bin/res/drawable-ldpi/menu_devices.png
   [crunch]   (processed image to cache entry /vagrant/subjects/tool_subjects/swifthand/cri.sanity_21100_src/bin/res/drawable-ldpi/menu_devices.png: 0% size of source)
   [crunch] Processing image to cache: /vagrant/subjects/tool_subjects/swifthand/cri.sanity_21100_src/res/drawable-ldpi/menu_general.png => /vagrant/subjects/tool_subjects/swifthand/cri.sanity_21100_src/bin/res/drawable-ldpi/menu_general.png
   [crunch]   (processed image to cache entry /vagrant/subjects/tool_subjects/swifthand/cri.sanity_21100_src/bin/res/drawable-ldpi/menu_general.png: 0% size of source)
   [crunch] Processing image to cache: /vagrant/subjects/tool_subjects/swifthand/cri.sanity_21100_src/res/drawable-ldpi/menu_notify.png => /vagrant/subjects/tool_subjects/swifthand/cri.sanity_21100_src/bin/res/drawable-ldpi/menu_notify.png
   [crunch]   (processed image to cache entry /vagrant/subjects/tool_subjects/swifthand/cri.sanity_21100_src/bin/res/drawable-ldpi/menu_notify.png: 0% size of source)
   [crunch] Processing image to cache: /vagrant/subjects/tool_subjects/swifthand/cri.sanity_21100_src/res/drawable-ldpi/menu_profiles.png => /vagrant/subjects/tool_subjects/swifthand/cri.sanity_21100_src/bin/res/drawable-ldpi/menu_profiles.png
   [crunch]   (processed image to cache entry /vagrant/subjects/tool_subjects/swifthand/cri.sanity_21100_src/bin/res/drawable-ldpi/menu_profiles.png: 0% size of source)
   [crunch] Processing image to cache: /vagrant/subjects/tool_subjects/swifthand/cri.sanity_21100_src/res/drawable-ldpi/menu_proximity.png => /vagrant/subjects/tool_subjects/swifthand/cri.sanity_21100_src/bin/res/drawable-ldpi/menu_proximity.png
   [crunch]   (processed image to cache entry /vagrant/subjects/tool_subjects/swifthand/cri.sanity_21100_src/bin/res/drawable-ldpi/menu_proximity.png: 0% size of source)
   [crunch] Processing image to cache: /vagrant/subjects/tool_subjects/swifthand/cri.sanity_21100_src/res/drawable-ldpi/menu_rec.png => /vagrant/subjects/tool_subjects/swifthand/cri.sanity_21100_src/bin/res/drawable-ldpi/menu_rec.png
   [crunch]   (processed image to cache entry /vagrant/subjects/tool_subjects/swifthand/cri.sanity_21100_src/bin/res/drawable-ldpi/menu_rec.png: 0% size of source)
   [crunch] Processing image to cache: /vagrant/subjects/tool_subjects/swifthand/cri.sanity_21100_src/res/drawable-ldpi/menu_speaker.png => /vagrant/subjects/tool_subjects/swifthand/cri.sanity_21100_src/bin/res/drawable-ldpi/menu_speaker.png
   [crunch]   (processed image to cache entry /vagrant/subjects/tool_subjects/swifthand/cri.sanity_21100_src/bin/res/drawable-ldpi/menu_speaker.png: 0% size of source)
   [crunch] Processing image to cache: /vagrant/subjects/tool_subjects/swifthand/cri.sanity_21100_src/res/drawable-ldpi/menu_tts.png => /vagrant/subjects/tool_subjects/swifthand/cri.sanity_21100_src/bin/res/drawable-ldpi/menu_tts.png
   [crunch]   (processed image to cache entry /vagrant/subjects/tool_subjects/swifthand/cri.sanity_21100_src/bin/res/drawable-ldpi/menu_tts.png: 0% size of source)
   [crunch] Processing image to cache: /vagrant/subjects/tool_subjects/swifthand/cri.sanity_21100_src/res/drawable-ldpi/menu_urgent.png => /vagrant/subjects/tool_subjects/swifthand/cri.sanity_21100_src/bin/res/drawable-ldpi/menu_urgent.png
   [crunch]   (processed image to cache entry /vagrant/subjects/tool_subjects/swifthand/cri.sanity_21100_src/bin/res/drawable-ldpi/menu_urgent.png: 0% size of source)
   [crunch] Processing image to cache: /vagrant/subjects/tool_subjects/swifthand/cri.sanity_21100_src/res/drawable-ldpi/menu_vibra.png => /vagrant/subjects/tool_subjects/swifthand/cri.sanity_21100_src/bin/res/drawable-ldpi/menu_vibra.png
   [crunch]   (processed image to cache entry /vagrant/subjects/tool_subjects/swifthand/cri.sanity_21100_src/bin/res/drawable-ldpi/menu_vibra.png: 0% size of source)
   [crunch] Processing image to cache: /vagrant/subjects/tool_subjects/swifthand/cri.sanity_21100_src/res/drawable-ldpi/menu_vol.png => /vagrant/subjects/tool_subjects/swifthand/cri.sanity_21100_src/bin/res/drawable-ldpi/menu_vol.png
   [crunch]   (processed image to cache entry /vagrant/subjects/tool_subjects/swifthand/cri.sanity_21100_src/bin/res/drawable-ldpi/menu_vol.png: 0% size of source)
   [crunch] Processing image to cache: /vagrant/subjects/tool_subjects/swifthand/cri.sanity_21100_src/res/drawable-mdpi/ic_airplane.png => /vagrant/subjects/tool_subjects/swifthand/cri.sanity_21100_src/bin/res/drawable-mdpi/ic_airplane.png
   [crunch]   (processed image to cache entry /vagrant/subjects/tool_subjects/swifthand/cri.sanity_21100_src/bin/res/drawable-mdpi/ic_airplane.png: 0% size of source)
   [crunch] Processing image to cache: /vagrant/subjects/tool_subjects/swifthand/cri.sanity_21100_src/res/drawable-mdpi/ic_app.png => /vagrant/subjects/tool_subjects/swifthand/cri.sanity_21100_src/bin/res/drawable-mdpi/ic_app.png
   [crunch]   (processed image to cache entry /vagrant/subjects/tool_subjects/swifthand/cri.sanity_21100_src/bin/res/drawable-mdpi/ic_app.png: 84% size of source)
   [crunch] Processing image to cache: /vagrant/subjects/tool_subjects/swifthand/cri.sanity_21100_src/res/drawable-mdpi/ic_bar.png => /vagrant/subjects/tool_subjects/swifthand/cri.sanity_21100_src/bin/res/drawable-mdpi/ic_bar.png
   [crunch]   (processed image to cache entry /vagrant/subjects/tool_subjects/swifthand/cri.sanity_21100_src/bin/res/drawable-mdpi/ic_bar.png: 0% size of source)
   [crunch] Processing image to cache: /vagrant/subjects/tool_subjects/swifthand/cri.sanity_21100_src/res/drawable-mdpi/ic_block_bar.png => /vagrant/subjects/tool_subjects/swifthand/cri.sanity_21100_src/bin/res/drawable-mdpi/ic_block_bar.png
   [crunch]   (processed image to cache entry /vagrant/subjects/tool_subjects/swifthand/cri.sanity_21100_src/bin/res/drawable-mdpi/ic_block_bar.png: 0% size of source)
   [crunch] Processing image to cache: /vagrant/subjects/tool_subjects/swifthand/cri.sanity_21100_src/res/drawable-mdpi/ic_prf.png => /vagrant/subjects/tool_subjects/swifthand/cri.sanity_21100_src/bin/res/drawable-mdpi/ic_prf.png
   [crunch]   (processed image to cache entry /vagrant/subjects/tool_subjects/swifthand/cri.sanity_21100_src/bin/res/drawable-mdpi/ic_prf.png: 0% size of source)
   [crunch] Processing image to cache: /vagrant/subjects/tool_subjects/swifthand/cri.sanity_21100_src/res/drawable-mdpi/ic_rec_bar.png => /vagrant/subjects/tool_subjects/swifthand/cri.sanity_21100_src/bin/res/drawable-mdpi/ic_rec_bar.png
   [crunch]   (processed image to cache entry /vagrant/subjects/tool_subjects/swifthand/cri.sanity_21100_src/bin/res/drawable-mdpi/ic_rec_bar.png: 0% size of source)
   [crunch] Processing image to cache: /vagrant/subjects/tool_subjects/swifthand/cri.sanity_21100_src/res/drawable-mdpi/ic_rec_now.png => /vagrant/subjects/tool_subjects/swifthand/cri.sanity_21100_src/bin/res/drawable-mdpi/ic_rec_now.png
   [crunch]   (processed image to cache entry /vagrant/subjects/tool_subjects/swifthand/cri.sanity_21100_src/bin/res/drawable-mdpi/ic_rec_now.png: 95% size of source)
   [crunch] Processing image to cache: /vagrant/subjects/tool_subjects/swifthand/cri.sanity_21100_src/res/drawable-mdpi/ic_silent.png => /vagrant/subjects/tool_subjects/swifthand/cri.sanity_21100_src/bin/res/drawable-mdpi/ic_silent.png
   [crunch]   (processed image to cache entry /vagrant/subjects/tool_subjects/swifthand/cri.sanity_21100_src/bin/res/drawable-mdpi/ic_silent.png: 0% size of source)
   [crunch] Processing image to cache: /vagrant/subjects/tool_subjects/swifthand/cri.sanity_21100_src/res/drawable-mdpi/ic_timeout_bar.png => /vagrant/subjects/tool_subjects/swifthand/cri.sanity_21100_src/bin/res/drawable-mdpi/ic_timeout_bar.png
   [crunch]   (processed image to cache entry /vagrant/subjects/tool_subjects/swifthand/cri.sanity_21100_src/bin/res/drawable-mdpi/ic_timeout_bar.png: 0% size of source)
   [crunch] Processing image to cache: /vagrant/subjects/tool_subjects/swifthand/cri.sanity_21100_src/res/drawable-mdpi/menu_about.png => /vagrant/subjects/tool_subjects/swifthand/cri.sanity_21100_src/bin/res/drawable-mdpi/menu_about.png
   [crunch]   (processed image to cache entry /vagrant/subjects/tool_subjects/swifthand/cri.sanity_21100_src/bin/res/drawable-mdpi/menu_about.png: 0% size of source)
   [crunch] Processing image to cache: /vagrant/subjects/tool_subjects/swifthand/cri.sanity_21100_src/res/drawable-mdpi/menu_anonym.png => /vagrant/subjects/tool_subjects/swifthand/cri.sanity_21100_src/bin/res/drawable-mdpi/menu_anonym.png
   [crunch]   (processed image to cache entry /vagrant/subjects/tool_subjects/swifthand/cri.sanity_21100_src/bin/res/drawable-mdpi/menu_anonym.png: 0% size of source)
   [crunch] Processing image to cache: /vagrant/subjects/tool_subjects/swifthand/cri.sanity_21100_src/res/drawable-mdpi/menu_answer.png => /vagrant/subjects/tool_subjects/swifthand/cri.sanity_21100_src/bin/res/drawable-mdpi/menu_answer.png
   [crunch]   (processed image to cache entry /vagrant/subjects/tool_subjects/swifthand/cri.sanity_21100_src/bin/res/drawable-mdpi/menu_answer.png: 0% size of source)
   [crunch] Processing image to cache: /vagrant/subjects/tool_subjects/swifthand/cri.sanity_21100_src/res/drawable-mdpi/menu_block.png => /vagrant/subjects/tool_subjects/swifthand/cri.sanity_21100_src/bin/res/drawable-mdpi/menu_block.png
   [crunch]   (processed image to cache entry /vagrant/subjects/tool_subjects/swifthand/cri.sanity_21100_src/bin/res/drawable-mdpi/menu_block.png: 0% size of source)
   [crunch] Processing image to cache: /vagrant/subjects/tool_subjects/swifthand/cri.sanity_21100_src/res/drawable-mdpi/menu_browse.png => /vagrant/subjects/tool_subjects/swifthand/cri.sanity_21100_src/bin/res/drawable-mdpi/menu_browse.png
   [crunch]   (processed image to cache entry /vagrant/subjects/tool_subjects/swifthand/cri.sanity_21100_src/bin/res/drawable-mdpi/menu_browse.png: 0% size of source)
   [crunch] Processing image to cache: /vagrant/subjects/tool_subjects/swifthand/cri.sanity_21100_src/res/drawable-mdpi/menu_devices.png => /vagrant/subjects/tool_subjects/swifthand/cri.sanity_21100_src/bin/res/drawable-mdpi/menu_devices.png
   [crunch]   (processed image to cache entry /vagrant/subjects/tool_subjects/swifthand/cri.sanity_21100_src/bin/res/drawable-mdpi/menu_devices.png: 0% size of source)
   [crunch] Processing image to cache: /vagrant/subjects/tool_subjects/swifthand/cri.sanity_21100_src/res/drawable-mdpi/menu_general.png => /vagrant/subjects/tool_subjects/swifthand/cri.sanity_21100_src/bin/res/drawable-mdpi/menu_general.png
   [crunch]   (processed image to cache entry /vagrant/subjects/tool_subjects/swifthand/cri.sanity_21100_src/bin/res/drawable-mdpi/menu_general.png: 0% size of source)
   [crunch] Processing image to cache: /vagrant/subjects/tool_subjects/swifthand/cri.sanity_21100_src/res/drawable-mdpi/menu_notify.png => /vagrant/subjects/tool_subjects/swifthand/cri.sanity_21100_src/bin/res/drawable-mdpi/menu_notify.png
   [crunch]   (processed image to cache entry /vagrant/subjects/tool_subjects/swifthand/cri.sanity_21100_src/bin/res/drawable-mdpi/menu_notify.png: 0% size of source)
   [crunch] Processing image to cache: /vagrant/subjects/tool_subjects/swifthand/cri.sanity_21100_src/res/drawable-mdpi/menu_profiles.png => /vagrant/subjects/tool_subjects/swifthand/cri.sanity_21100_src/bin/res/drawable-mdpi/menu_profiles.png
   [crunch]   (processed image to cache entry /vagrant/subjects/tool_subjects/swifthand/cri.sanity_21100_src/bin/res/drawable-mdpi/menu_profiles.png: 0% size of source)
   [crunch] Processing image to cache: /vagrant/subjects/tool_subjects/swifthand/cri.sanity_21100_src/res/drawable-mdpi/menu_proximity.png => /vagrant/subjects/tool_subjects/swifthand/cri.sanity_21100_src/bin/res/drawable-mdpi/menu_proximity.png
   [crunch]   (processed image to cache entry /vagrant/subjects/tool_subjects/swifthand/cri.sanity_21100_src/bin/res/drawable-mdpi/menu_proximity.png: 0% size of source)
   [crunch] Processing image to cache: /vagrant/subjects/tool_subjects/swifthand/cri.sanity_21100_src/res/drawable-mdpi/menu_rec.png => /vagrant/subjects/tool_subjects/swifthand/cri.sanity_21100_src/bin/res/drawable-mdpi/menu_rec.png
   [crunch]   (processed image to cache entry /vagrant/subjects/tool_subjects/swifthand/cri.sanity_21100_src/bin/res/drawable-mdpi/menu_rec.png: 0% size of source)
   [crunch] Processing image to cache: /vagrant/subjects/tool_subjects/swifthand/cri.sanity_21100_src/res/drawable-mdpi/menu_speaker.png => /vagrant/subjects/tool_subjects/swifthand/cri.sanity_21100_src/bin/res/drawable-mdpi/menu_speaker.png
   [crunch]   (processed image to cache entry /vagrant/subjects/tool_subjects/swifthand/cri.sanity_21100_src/bin/res/drawable-mdpi/menu_speaker.png: 0% size of source)
   [crunch] Processing image to cache: /vagrant/subjects/tool_subjects/swifthand/cri.sanity_21100_src/res/drawable-mdpi/menu_tts.png => /vagrant/subjects/tool_subjects/swifthand/cri.sanity_21100_src/bin/res/drawable-mdpi/menu_tts.png
   [crunch]   (processed image to cache entry /vagrant/subjects/tool_subjects/swifthand/cri.sanity_21100_src/bin/res/drawable-mdpi/menu_tts.png: 0% size of source)
   [crunch] Processing image to cache: /vagrant/subjects/tool_subjects/swifthand/cri.sanity_21100_src/res/drawable-mdpi/menu_urgent.png => /vagrant/subjects/tool_subjects/swifthand/cri.sanity_21100_src/bin/res/drawable-mdpi/menu_urgent.png
   [crunch]   (processed image to cache entry /vagrant/subjects/tool_subjects/swifthand/cri.sanity_21100_src/bin/res/drawable-mdpi/menu_urgent.png: 0% size of source)
   [crunch] Processing image to cache: /vagrant/subjects/tool_subjects/swifthand/cri.sanity_21100_src/res/drawable-mdpi/menu_vibra.png => /vagrant/subjects/tool_subjects/swifthand/cri.sanity_21100_src/bin/res/drawable-mdpi/menu_vibra.png
   [crunch]   (processed image to cache entry /vagrant/subjects/tool_subjects/swifthand/cri.sanity_21100_src/bin/res/drawable-mdpi/menu_vibra.png: 0% size of source)
   [crunch] Processing image to cache: /vagrant/subjects/tool_subjects/swifthand/cri.sanity_21100_src/res/drawable-mdpi/menu_vol.png => /vagrant/subjects/tool_subjects/swifthand/cri.sanity_21100_src/bin/res/drawable-mdpi/menu_vol.png
   [crunch]   (processed image to cache entry /vagrant/subjects/tool_subjects/swifthand/cri.sanity_21100_src/bin/res/drawable-mdpi/menu_vol.png: 0% size of source)
   [crunch] Crunched 75 PNG files to update cache

-package-resources:
     [aapt] Creating full resource package...
     [aapt] Warning: AndroidManifest.xml already defines debuggable (in http://schemas.android.com/apk/res/android); using existing value in manifest.

-package:
[apkbuilder] Current build type is different than previous build: forced apkbuilder run.
[apkbuilder] Creating MainActivity-debug-unaligned.apk and signing it with a debug key...

-post-package:

-do-debug:
 [zipalign] Running zip align on final apk...
     [echo] Debug Package: /vagrant/subjects/tool_subjects/swifthand/cri.sanity_21100_src/bin/MainActivity-debug.apk
[propertyfile] Creating new property file: /vagrant/subjects/tool_subjects/swifthand/cri.sanity_21100_src/bin/build.prop
[propertyfile] Updating property file: /vagrant/subjects/tool_subjects/swifthand/cri.sanity_21100_src/bin/build.prop
[propertyfile] Updating property file: /vagrant/subjects/tool_subjects/swifthand/cri.sanity_21100_src/bin/build.prop
[propertyfile] Updating property file: /vagrant/subjects/tool_subjects/swifthand/cri.sanity_21100_src/bin/build.prop

-post-build:

debug:

BUILD SUCCESSFUL
Total time: 1 minute 13 seconds
