Buildfile: /vagrant/subjects/tool_subjects/swifthand/com.evancharlton.mileage_3110_src/build.xml
Duplicated project name in import. Project Mileage defined first in /vagrant/subjects/tool_subjects/swifthand/com.evancharlton.mileage_3110_src/build.xml and again in /vagrant/subjects/tool_subjects/swifthand/com.evancharlton.mileage_3110_src/custom_rules.xml

emma:

-set-mode-check:

-set-debug-files:

-check-env:
 [checkenv] Android SDK Tools Revision 23.0.2
 [checkenv] Installed at /home/vagrant/android-sdk-linux

-setup:
     [echo] Project Name: Mileage
  [gettype] Project Type: Self-Tested Application

-set-debug-mode:

-debug-obfuscation-check:

-pre-build:

-build-setup:
[getbuildtools] Using latest Build Tools: 20.0.0
     [echo] Resolving Build Target for Mileage...
[gettarget] Project Target:   Android 2.3.3
[gettarget] API level:        10
     [echo] ----------
     [echo] Creating output directories if needed...
    [mkdir] Created dir: /vagrant/subjects/tool_subjects/swifthand/com.evancharlton.mileage_3110_src/bin
    [mkdir] Created dir: /vagrant/subjects/tool_subjects/swifthand/com.evancharlton.mileage_3110_src/bin/res
    [mkdir] Created dir: /vagrant/subjects/tool_subjects/swifthand/com.evancharlton.mileage_3110_src/bin/rsObj
    [mkdir] Created dir: /vagrant/subjects/tool_subjects/swifthand/com.evancharlton.mileage_3110_src/bin/rsLibs
    [mkdir] Created dir: /vagrant/subjects/tool_subjects/swifthand/com.evancharlton.mileage_3110_src/bin/classes
    [mkdir] Created dir: /vagrant/subjects/tool_subjects/swifthand/com.evancharlton.mileage_3110_src/bin/dexedLibs
     [echo] ----------
     [echo] Resolving Dependencies for Mileage...
[dependency] Library dependencies:
[dependency] No Libraries
[dependency] 
[dependency] ------------------
[dependency] API<=15: Adding annotations.jar to the classpath.
     [echo] ----------
     [echo] Building Libraries with 'instrument'...
   [subant] No sub-builds to iterate on

-code-gen:
[mergemanifest] Merging AndroidManifest files into one.
[mergemanifest] Manifest merger disabled. Using project manifest only.
     [echo] Handling aidl files...
     [aidl] No AIDL files to compile.
     [echo] ----------
     [echo] Handling RenderScript files...
     [echo] ----------
     [echo] Handling Resources...
     [aapt] Found Deleted Target File
     [aapt] Generating resource IDs...
     [echo] ----------
     [echo] Handling BuildConfig class...
[buildconfig] Generating BuildConfig class.

-pre-compile:

-compile:
    [javac] Compiling 131 source files to /vagrant/subjects/tool_subjects/swifthand/com.evancharlton.mileage_3110_src/bin/classes
    [javac] Note: /vagrant/subjects/tool_subjects/swifthand/com.evancharlton.mileage_3110_src/src/com/evancharlton/mileage/ChartActivity.java uses or overrides a deprecated API.
    [javac] Note: Recompile with -Xlint:deprecation for details.
     [echo] Instrumenting classes from /vagrant/subjects/tool_subjects/swifthand/com.evancharlton.mileage_3110_src/bin/classes...

-post-compile:

-obfuscate:

-dex:
      [dex] input: /vagrant/subjects/tool_subjects/swifthand/com.evancharlton.mileage_3110_src/bin/classes
      [dex] input: /home/vagrant/android-sdk-linux/tools/support/annotations.jar
      [dex] input: /vagrant/subjects/tool_subjects/swifthand/com.evancharlton.mileage_3110_src/libs/opencsv-1.8.jar
      [dex] input: /vagrant/subjects/tool_subjects/swifthand/com.evancharlton.mileage_3110_src/libs/aiCharts.2.0.0.182.84147.jar
      [dex] input: /home/vagrant/android-sdk-linux/tools/lib/emma_device.jar
      [dex] Pre-Dexing /home/vagrant/android-sdk-linux/tools/support/annotations.jar -> annotations-5442badee1f6d6457826eac12c92c46e.jar
      [dex] Pre-Dexing /vagrant/subjects/tool_subjects/swifthand/com.evancharlton.mileage_3110_src/libs/opencsv-1.8.jar -> opencsv-1.8-6e77b219069cd6fab2c6873cdb90c3df.jar
      [dex] Pre-Dexing /vagrant/subjects/tool_subjects/swifthand/com.evancharlton.mileage_3110_src/libs/aiCharts.2.0.0.182.84147.jar -> aiCharts.2.0.0.182.84147-9f4ae011abeb08e16acd8ba0acaf76a4.jar
      [dex] Pre-Dexing /home/vagrant/android-sdk-linux/tools/lib/emma_device.jar -> emma_device-e790229f52a04d2b195df6976ccc31d7.jar
      [dex] Converting compiled files and external libraries into /vagrant/subjects/tool_subjects/swifthand/com.evancharlton.mileage_3110_src/bin/classes.dex...
       [dx] Merged dex A (226 defs/321.4KiB) with dex B (2 defs/1.1KiB). Result is 228 defs/387.4KiB. Took 1.3s
       [dx] Merged dex A (228 defs/387.4KiB) with dex B (7 defs/10.2KiB). Result is 235 defs/495.4KiB. Took 0.5s
       [dx] Merged dex A (235 defs/495.4KiB) with dex B (189 defs/229.4KiB). Result is 424 defs/918.0KiB. Took 0.6s
       [dx] Merged dex A (424 defs/918.0KiB) with dex B (297 defs/326.8KiB). Result is 721 defs/1617.9KiB. Took 0.7s

-crunch:
   [crunch] Crunching PNG Files in source dir: /vagrant/subjects/tool_subjects/swifthand/com.evancharlton.mileage_3110_src/res
   [crunch] To destination dir: /vagrant/subjects/tool_subjects/swifthand/com.evancharlton.mileage_3110_src/bin/res
   [crunch] Processing image to cache: /vagrant/subjects/tool_subjects/swifthand/com.evancharlton.mileage_3110_src/res/drawable-hdpi-v5/ic_tab_fillup_selected.png => /vagrant/subjects/tool_subjects/swifthand/com.evancharlton.mileage_3110_src/bin/res/drawable-hdpi-v5/ic_tab_fillup_selected.png
   [crunch]   (processed image to cache entry /vagrant/subjects/tool_subjects/swifthand/com.evancharlton.mileage_3110_src/bin/res/drawable-hdpi-v5/ic_tab_fillup_selected.png: 0% size of source)
   [crunch] Processing image to cache: /vagrant/subjects/tool_subjects/swifthand/com.evancharlton.mileage_3110_src/res/drawable-hdpi-v5/ic_tab_fillup_unselected.png => /vagrant/subjects/tool_subjects/swifthand/com.evancharlton.mileage_3110_src/bin/res/drawable-hdpi-v5/ic_tab_fillup_unselected.png
   [crunch]   (processed image to cache entry /vagrant/subjects/tool_subjects/swifthand/com.evancharlton.mileage_3110_src/bin/res/drawable-hdpi-v5/ic_tab_fillup_unselected.png: 0% size of source)
   [crunch] Processing image to cache: /vagrant/subjects/tool_subjects/swifthand/com.evancharlton.mileage_3110_src/res/drawable-hdpi-v5/ic_tab_history_selected.png => /vagrant/subjects/tool_subjects/swifthand/com.evancharlton.mileage_3110_src/bin/res/drawable-hdpi-v5/ic_tab_history_selected.png
   [crunch]   (processed image to cache entry /vagrant/subjects/tool_subjects/swifthand/com.evancharlton.mileage_3110_src/bin/res/drawable-hdpi-v5/ic_tab_history_selected.png: 0% size of source)
   [crunch] Processing image to cache: /vagrant/subjects/tool_subjects/swifthand/com.evancharlton.mileage_3110_src/res/drawable-hdpi-v5/ic_tab_history_unselected.png => /vagrant/subjects/tool_subjects/swifthand/com.evancharlton.mileage_3110_src/bin/res/drawable-hdpi-v5/ic_tab_history_unselected.png
   [crunch]   (processed image to cache entry /vagrant/subjects/tool_subjects/swifthand/com.evancharlton.mileage_3110_src/bin/res/drawable-hdpi-v5/ic_tab_history_unselected.png: 0% size of source)
   [crunch] Processing image to cache: /vagrant/subjects/tool_subjects/swifthand/com.evancharlton.mileage_3110_src/res/drawable-hdpi-v5/ic_tab_statistics_selected.png => /vagrant/subjects/tool_subjects/swifthand/com.evancharlton.mileage_3110_src/bin/res/drawable-hdpi-v5/ic_tab_statistics_selected.png
   [crunch]   (processed image to cache entry /vagrant/subjects/tool_subjects/swifthand/com.evancharlton.mileage_3110_src/bin/res/drawable-hdpi-v5/ic_tab_statistics_selected.png: 0% size of source)
   [crunch] Processing image to cache: /vagrant/subjects/tool_subjects/swifthand/com.evancharlton.mileage_3110_src/res/drawable-hdpi-v5/ic_tab_statistics_unselected.png => /vagrant/subjects/tool_subjects/swifthand/com.evancharlton.mileage_3110_src/bin/res/drawable-hdpi-v5/ic_tab_statistics_unselected.png
   [crunch]   (processed image to cache entry /vagrant/subjects/tool_subjects/swifthand/com.evancharlton.mileage_3110_src/bin/res/drawable-hdpi-v5/ic_tab_statistics_unselected.png: 0% size of source)
   [crunch] Processing image to cache: /vagrant/subjects/tool_subjects/swifthand/com.evancharlton.mileage_3110_src/res/drawable-hdpi-v5/ic_tab_vehicles_selected.png => /vagrant/subjects/tool_subjects/swifthand/com.evancharlton.mileage_3110_src/bin/res/drawable-hdpi-v5/ic_tab_vehicles_selected.png
   [crunch]   (processed image to cache entry /vagrant/subjects/tool_subjects/swifthand/com.evancharlton.mileage_3110_src/bin/res/drawable-hdpi-v5/ic_tab_vehicles_selected.png: 0% size of source)
   [crunch] Processing image to cache: /vagrant/subjects/tool_subjects/swifthand/com.evancharlton.mileage_3110_src/res/drawable-hdpi-v5/ic_tab_vehicles_unselected.png => /vagrant/subjects/tool_subjects/swifthand/com.evancharlton.mileage_3110_src/bin/res/drawable-hdpi-v5/ic_tab_vehicles_unselected.png
   [crunch]   (processed image to cache entry /vagrant/subjects/tool_subjects/swifthand/com.evancharlton.mileage_3110_src/bin/res/drawable-hdpi-v5/ic_tab_vehicles_unselected.png: 0% size of source)
   [crunch] Processing image to cache: /vagrant/subjects/tool_subjects/swifthand/com.evancharlton.mileage_3110_src/res/drawable-hdpi/ic_menu_add.png => /vagrant/subjects/tool_subjects/swifthand/com.evancharlton.mileage_3110_src/bin/res/drawable-hdpi/ic_menu_add.png
   [crunch]   (processed image to cache entry /vagrant/subjects/tool_subjects/swifthand/com.evancharlton.mileage_3110_src/bin/res/drawable-hdpi/ic_menu_add.png: 0% size of source)
   [crunch] Processing image to cache: /vagrant/subjects/tool_subjects/swifthand/com.evancharlton.mileage_3110_src/res/drawable-hdpi/ic_menu_delete.png => /vagrant/subjects/tool_subjects/swifthand/com.evancharlton.mileage_3110_src/bin/res/drawable-hdpi/ic_menu_delete.png
   [crunch]   (processed image to cache entry /vagrant/subjects/tool_subjects/swifthand/com.evancharlton.mileage_3110_src/bin/res/drawable-hdpi/ic_menu_delete.png: 0% size of source)
   [crunch] Processing image to cache: /vagrant/subjects/tool_subjects/swifthand/com.evancharlton.mileage_3110_src/res/drawable-hdpi/ic_menu_edit.png => /vagrant/subjects/tool_subjects/swifthand/com.evancharlton.mileage_3110_src/bin/res/drawable-hdpi/ic_menu_edit.png
   [crunch]   (processed image to cache entry /vagrant/subjects/tool_subjects/swifthand/com.evancharlton.mileage_3110_src/bin/res/drawable-hdpi/ic_menu_edit.png: 0% size of source)
   [crunch] Processing image to cache: /vagrant/subjects/tool_subjects/swifthand/com.evancharlton.mileage_3110_src/res/drawable-hdpi/ic_menu_ie.png => /vagrant/subjects/tool_subjects/swifthand/com.evancharlton.mileage_3110_src/bin/res/drawable-hdpi/ic_menu_ie.png
   [crunch]   (processed image to cache entry /vagrant/subjects/tool_subjects/swifthand/com.evancharlton.mileage_3110_src/bin/res/drawable-hdpi/ic_menu_ie.png: 0% size of source)
   [crunch] Processing image to cache: /vagrant/subjects/tool_subjects/swifthand/com.evancharlton.mileage_3110_src/res/drawable-hdpi/ic_menu_info_details.png => /vagrant/subjects/tool_subjects/swifthand/com.evancharlton.mileage_3110_src/bin/res/drawable-hdpi/ic_menu_info_details.png
   [crunch]   (processed image to cache entry /vagrant/subjects/tool_subjects/swifthand/com.evancharlton.mileage_3110_src/bin/res/drawable-hdpi/ic_menu_info_details.png: 0% size of source)
   [crunch] Processing image to cache: /vagrant/subjects/tool_subjects/swifthand/com.evancharlton.mileage_3110_src/res/drawable-hdpi/ic_menu_intervals.png => /vagrant/subjects/tool_subjects/swifthand/com.evancharlton.mileage_3110_src/bin/res/drawable-hdpi/ic_menu_intervals.png
   [crunch]   (processed image to cache entry /vagrant/subjects/tool_subjects/swifthand/com.evancharlton.mileage_3110_src/bin/res/drawable-hdpi/ic_menu_intervals.png: 0% size of source)
   [crunch] Processing image to cache: /vagrant/subjects/tool_subjects/swifthand/com.evancharlton.mileage_3110_src/res/drawable-hdpi/ic_menu_recalculate.png => /vagrant/subjects/tool_subjects/swifthand/com.evancharlton.mileage_3110_src/bin/res/drawable-hdpi/ic_menu_recalculate.png
   [crunch]   (processed image to cache entry /vagrant/subjects/tool_subjects/swifthand/com.evancharlton.mileage_3110_src/bin/res/drawable-hdpi/ic_menu_recalculate.png: 0% size of source)
   [crunch] Processing image to cache: /vagrant/subjects/tool_subjects/swifthand/com.evancharlton.mileage_3110_src/res/drawable-hdpi/ic_tab_fillup_selected.png => /vagrant/subjects/tool_subjects/swifthand/com.evancharlton.mileage_3110_src/bin/res/drawable-hdpi/ic_tab_fillup_selected.png
   [crunch]   (processed image to cache entry /vagrant/subjects/tool_subjects/swifthand/com.evancharlton.mileage_3110_src/bin/res/drawable-hdpi/ic_tab_fillup_selected.png: 0% size of source)
   [crunch] Processing image to cache: /vagrant/subjects/tool_subjects/swifthand/com.evancharlton.mileage_3110_src/res/drawable-hdpi/ic_tab_fillup_unselected.png => /vagrant/subjects/tool_subjects/swifthand/com.evancharlton.mileage_3110_src/bin/res/drawable-hdpi/ic_tab_fillup_unselected.png
   [crunch]   (processed image to cache entry /vagrant/subjects/tool_subjects/swifthand/com.evancharlton.mileage_3110_src/bin/res/drawable-hdpi/ic_tab_fillup_unselected.png: 0% size of source)
   [crunch] Processing image to cache: /vagrant/subjects/tool_subjects/swifthand/com.evancharlton.mileage_3110_src/res/drawable-hdpi/ic_tab_history_selected.png => /vagrant/subjects/tool_subjects/swifthand/com.evancharlton.mileage_3110_src/bin/res/drawable-hdpi/ic_tab_history_selected.png
   [crunch]   (processed image to cache entry /vagrant/subjects/tool_subjects/swifthand/com.evancharlton.mileage_3110_src/bin/res/drawable-hdpi/ic_tab_history_selected.png: 0% size of source)
   [crunch] Processing image to cache: /vagrant/subjects/tool_subjects/swifthand/com.evancharlton.mileage_3110_src/res/drawable-hdpi/ic_tab_history_unselected.png => /vagrant/subjects/tool_subjects/swifthand/com.evancharlton.mileage_3110_src/bin/res/drawable-hdpi/ic_tab_history_unselected.png
   [crunch]   (processed image to cache entry /vagrant/subjects/tool_subjects/swifthand/com.evancharlton.mileage_3110_src/bin/res/drawable-hdpi/ic_tab_history_unselected.png: 0% size of source)
   [crunch] Processing image to cache: /vagrant/subjects/tool_subjects/swifthand/com.evancharlton.mileage_3110_src/res/drawable-hdpi/ic_tab_statistics_selected.png => /vagrant/subjects/tool_subjects/swifthand/com.evancharlton.mileage_3110_src/bin/res/drawable-hdpi/ic_tab_statistics_selected.png
   [crunch]   (processed image to cache entry /vagrant/subjects/tool_subjects/swifthand/com.evancharlton.mileage_3110_src/bin/res/drawable-hdpi/ic_tab_statistics_selected.png: 0% size of source)
   [crunch] Processing image to cache: /vagrant/subjects/tool_subjects/swifthand/com.evancharlton.mileage_3110_src/res/drawable-hdpi/ic_tab_statistics_unselected.png => /vagrant/subjects/tool_subjects/swifthand/com.evancharlton.mileage_3110_src/bin/res/drawable-hdpi/ic_tab_statistics_unselected.png
   [crunch]   (processed image to cache entry /vagrant/subjects/tool_subjects/swifthand/com.evancharlton.mileage_3110_src/bin/res/drawable-hdpi/ic_tab_statistics_unselected.png: 0% size of source)
   [crunch] Processing image to cache: /vagrant/subjects/tool_subjects/swifthand/com.evancharlton.mileage_3110_src/res/drawable-hdpi/ic_tab_vehicles_selected.png => /vagrant/subjects/tool_subjects/swifthand/com.evancharlton.mileage_3110_src/bin/res/drawable-hdpi/ic_tab_vehicles_selected.png
   [crunch]   (processed image to cache entry /vagrant/subjects/tool_subjects/swifthand/com.evancharlton.mileage_3110_src/bin/res/drawable-hdpi/ic_tab_vehicles_selected.png: 0% size of source)
   [crunch] Processing image to cache: /vagrant/subjects/tool_subjects/swifthand/com.evancharlton.mileage_3110_src/res/drawable-hdpi/ic_tab_vehicles_unselected.png => /vagrant/subjects/tool_subjects/swifthand/com.evancharlton.mileage_3110_src/bin/res/drawable-hdpi/ic_tab_vehicles_unselected.png
   [crunch]   (processed image to cache entry /vagrant/subjects/tool_subjects/swifthand/com.evancharlton.mileage_3110_src/bin/res/drawable-hdpi/ic_tab_vehicles_unselected.png: 0% size of source)
   [crunch] Processing image to cache: /vagrant/subjects/tool_subjects/swifthand/com.evancharlton.mileage_3110_src/res/drawable-hdpi/icon.png => /vagrant/subjects/tool_subjects/swifthand/com.evancharlton.mileage_3110_src/bin/res/drawable-hdpi/icon.png
   [crunch]   (processed image to cache entry /vagrant/subjects/tool_subjects/swifthand/com.evancharlton.mileage_3110_src/bin/res/drawable-hdpi/icon.png: 95% size of source)
   [crunch] Processing image to cache: /vagrant/subjects/tool_subjects/swifthand/com.evancharlton.mileage_3110_src/res/drawable-ldpi-v5/ic_tab_fillup_selected.png => /vagrant/subjects/tool_subjects/swifthand/com.evancharlton.mileage_3110_src/bin/res/drawable-ldpi-v5/ic_tab_fillup_selected.png
   [crunch]   (processed image to cache entry /vagrant/subjects/tool_subjects/swifthand/com.evancharlton.mileage_3110_src/bin/res/drawable-ldpi-v5/ic_tab_fillup_selected.png: 0% size of source)
   [crunch] Processing image to cache: /vagrant/subjects/tool_subjects/swifthand/com.evancharlton.mileage_3110_src/res/drawable-ldpi-v5/ic_tab_fillup_unselected.png => /vagrant/subjects/tool_subjects/swifthand/com.evancharlton.mileage_3110_src/bin/res/drawable-ldpi-v5/ic_tab_fillup_unselected.png
   [crunch]   (processed image to cache entry /vagrant/subjects/tool_subjects/swifthand/com.evancharlton.mileage_3110_src/bin/res/drawable-ldpi-v5/ic_tab_fillup_unselected.png: 0% size of source)
   [crunch] Processing image to cache: /vagrant/subjects/tool_subjects/swifthand/com.evancharlton.mileage_3110_src/res/drawable-ldpi-v5/ic_tab_history_selected.png => /vagrant/subjects/tool_subjects/swifthand/com.evancharlton.mileage_3110_src/bin/res/drawable-ldpi-v5/ic_tab_history_selected.png
   [crunch]   (processed image to cache entry /vagrant/subjects/tool_subjects/swifthand/com.evancharlton.mileage_3110_src/bin/res/drawable-ldpi-v5/ic_tab_history_selected.png: 0% size of source)
   [crunch] Processing image to cache: /vagrant/subjects/tool_subjects/swifthand/com.evancharlton.mileage_3110_src/res/drawable-ldpi-v5/ic_tab_history_unselected.png => /vagrant/subjects/tool_subjects/swifthand/com.evancharlton.mileage_3110_src/bin/res/drawable-ldpi-v5/ic_tab_history_unselected.png
   [crunch]   (processed image to cache entry /vagrant/subjects/tool_subjects/swifthand/com.evancharlton.mileage_3110_src/bin/res/drawable-ldpi-v5/ic_tab_history_unselected.png: 0% size of source)
   [crunch] Processing image to cache: /vagrant/subjects/tool_subjects/swifthand/com.evancharlton.mileage_3110_src/res/drawable-ldpi-v5/ic_tab_statistics_selected.png => /vagrant/subjects/tool_subjects/swifthand/com.evancharlton.mileage_3110_src/bin/res/drawable-ldpi-v5/ic_tab_statistics_selected.png
   [crunch]   (processed image to cache entry /vagrant/subjects/tool_subjects/swifthand/com.evancharlton.mileage_3110_src/bin/res/drawable-ldpi-v5/ic_tab_statistics_selected.png: 0% size of source)
   [crunch] Processing image to cache: /vagrant/subjects/tool_subjects/swifthand/com.evancharlton.mileage_3110_src/res/drawable-ldpi-v5/ic_tab_statistics_unselected.png => /vagrant/subjects/tool_subjects/swifthand/com.evancharlton.mileage_3110_src/bin/res/drawable-ldpi-v5/ic_tab_statistics_unselected.png
   [crunch]   (processed image to cache entry /vagrant/subjects/tool_subjects/swifthand/com.evancharlton.mileage_3110_src/bin/res/drawable-ldpi-v5/ic_tab_statistics_unselected.png: 0% size of source)
   [crunch] Processing image to cache: /vagrant/subjects/tool_subjects/swifthand/com.evancharlton.mileage_3110_src/res/drawable-ldpi-v5/ic_tab_vehicles_selected.png => /vagrant/subjects/tool_subjects/swifthand/com.evancharlton.mileage_3110_src/bin/res/drawable-ldpi-v5/ic_tab_vehicles_selected.png
   [crunch]   (processed image to cache entry /vagrant/subjects/tool_subjects/swifthand/com.evancharlton.mileage_3110_src/bin/res/drawable-ldpi-v5/ic_tab_vehicles_selected.png: 0% size of source)
   [crunch] Processing image to cache: /vagrant/subjects/tool_subjects/swifthand/com.evancharlton.mileage_3110_src/res/drawable-ldpi-v5/ic_tab_vehicles_unselected.png => /vagrant/subjects/tool_subjects/swifthand/com.evancharlton.mileage_3110_src/bin/res/drawable-ldpi-v5/ic_tab_vehicles_unselected.png
   [crunch]   (processed image to cache entry /vagrant/subjects/tool_subjects/swifthand/com.evancharlton.mileage_3110_src/bin/res/drawable-ldpi-v5/ic_tab_vehicles_unselected.png: 0% size of source)
   [crunch] Processing image to cache: /vagrant/subjects/tool_subjects/swifthand/com.evancharlton.mileage_3110_src/res/drawable-ldpi/ic_menu_add.png => /vagrant/subjects/tool_subjects/swifthand/com.evancharlton.mileage_3110_src/bin/res/drawable-ldpi/ic_menu_add.png
   [crunch]   (processed image to cache entry /vagrant/subjects/tool_subjects/swifthand/com.evancharlton.mileage_3110_src/bin/res/drawable-ldpi/ic_menu_add.png: 0% size of source)
   [crunch] Processing image to cache: /vagrant/subjects/tool_subjects/swifthand/com.evancharlton.mileage_3110_src/res/drawable-ldpi/ic_menu_edit.png => /vagrant/subjects/tool_subjects/swifthand/com.evancharlton.mileage_3110_src/bin/res/drawable-ldpi/ic_menu_edit.png
   [crunch]   (processed image to cache entry /vagrant/subjects/tool_subjects/swifthand/com.evancharlton.mileage_3110_src/bin/res/drawable-ldpi/ic_menu_edit.png: 0% size of source)
   [crunch] Processing image to cache: /vagrant/subjects/tool_subjects/swifthand/com.evancharlton.mileage_3110_src/res/drawable-ldpi/ic_menu_ie.png => /vagrant/subjects/tool_subjects/swifthand/com.evancharlton.mileage_3110_src/bin/res/drawable-ldpi/ic_menu_ie.png
   [crunch]   (processed image to cache entry /vagrant/subjects/tool_subjects/swifthand/com.evancharlton.mileage_3110_src/bin/res/drawable-ldpi/ic_menu_ie.png: 0% size of source)
   [crunch] Processing image to cache: /vagrant/subjects/tool_subjects/swifthand/com.evancharlton.mileage_3110_src/res/drawable-ldpi/ic_menu_info_details.png => /vagrant/subjects/tool_subjects/swifthand/com.evancharlton.mileage_3110_src/bin/res/drawable-ldpi/ic_menu_info_details.png
   [crunch]   (processed image to cache entry /vagrant/subjects/tool_subjects/swifthand/com.evancharlton.mileage_3110_src/bin/res/drawable-ldpi/ic_menu_info_details.png: 0% size of source)
   [crunch] Processing image to cache: /vagrant/subjects/tool_subjects/swifthand/com.evancharlton.mileage_3110_src/res/drawable-ldpi/ic_menu_intervals.png => /vagrant/subjects/tool_subjects/swifthand/com.evancharlton.mileage_3110_src/bin/res/drawable-ldpi/ic_menu_intervals.png
   [crunch]   (processed image to cache entry /vagrant/subjects/tool_subjects/swifthand/com.evancharlton.mileage_3110_src/bin/res/drawable-ldpi/ic_menu_intervals.png: 0% size of source)
   [crunch] Processing image to cache: /vagrant/subjects/tool_subjects/swifthand/com.evancharlton.mileage_3110_src/res/drawable-ldpi/ic_menu_recalculate.png => /vagrant/subjects/tool_subjects/swifthand/com.evancharlton.mileage_3110_src/bin/res/drawable-ldpi/ic_menu_recalculate.png
   [crunch]   (processed image to cache entry /vagrant/subjects/tool_subjects/swifthand/com.evancharlton.mileage_3110_src/bin/res/drawable-ldpi/ic_menu_recalculate.png: 0% size of source)
   [crunch] Processing image to cache: /vagrant/subjects/tool_subjects/swifthand/com.evancharlton.mileage_3110_src/res/drawable-ldpi/ic_tab_fillup_selected.png => /vagrant/subjects/tool_subjects/swifthand/com.evancharlton.mileage_3110_src/bin/res/drawable-ldpi/ic_tab_fillup_selected.png
   [crunch]   (processed image to cache entry /vagrant/subjects/tool_subjects/swifthand/com.evancharlton.mileage_3110_src/bin/res/drawable-ldpi/ic_tab_fillup_selected.png: 0% size of source)
   [crunch] Processing image to cache: /vagrant/subjects/tool_subjects/swifthand/com.evancharlton.mileage_3110_src/res/drawable-ldpi/ic_tab_fillup_unselected.png => /vagrant/subjects/tool_subjects/swifthand/com.evancharlton.mileage_3110_src/bin/res/drawable-ldpi/ic_tab_fillup_unselected.png
   [crunch]   (processed image to cache entry /vagrant/subjects/tool_subjects/swifthand/com.evancharlton.mileage_3110_src/bin/res/drawable-ldpi/ic_tab_fillup_unselected.png: 0% size of source)
   [crunch] Processing image to cache: /vagrant/subjects/tool_subjects/swifthand/com.evancharlton.mileage_3110_src/res/drawable-ldpi/ic_tab_history_selected.png => /vagrant/subjects/tool_subjects/swifthand/com.evancharlton.mileage_3110_src/bin/res/drawable-ldpi/ic_tab_history_selected.png
   [crunch]   (processed image to cache entry /vagrant/subjects/tool_subjects/swifthand/com.evancharlton.mileage_3110_src/bin/res/drawable-ldpi/ic_tab_history_selected.png: 0% size of source)
   [crunch] Processing image to cache: /vagrant/subjects/tool_subjects/swifthand/com.evancharlton.mileage_3110_src/res/drawable-ldpi/ic_tab_history_unselected.png => /vagrant/subjects/tool_subjects/swifthand/com.evancharlton.mileage_3110_src/bin/res/drawable-ldpi/ic_tab_history_unselected.png
   [crunch]   (processed image to cache entry /vagrant/subjects/tool_subjects/swifthand/com.evancharlton.mileage_3110_src/bin/res/drawable-ldpi/ic_tab_history_unselected.png: 0% size of source)
   [crunch] Processing image to cache: /vagrant/subjects/tool_subjects/swifthand/com.evancharlton.mileage_3110_src/res/drawable-ldpi/ic_tab_statistics_selected.png => /vagrant/subjects/tool_subjects/swifthand/com.evancharlton.mileage_3110_src/bin/res/drawable-ldpi/ic_tab_statistics_selected.png
   [crunch]   (processed image to cache entry /vagrant/subjects/tool_subjects/swifthand/com.evancharlton.mileage_3110_src/bin/res/drawable-ldpi/ic_tab_statistics_selected.png: 0% size of source)
   [crunch] Processing image to cache: /vagrant/subjects/tool_subjects/swifthand/com.evancharlton.mileage_3110_src/res/drawable-ldpi/ic_tab_statistics_unselected.png => /vagrant/subjects/tool_subjects/swifthand/com.evancharlton.mileage_3110_src/bin/res/drawable-ldpi/ic_tab_statistics_unselected.png
   [crunch]   (processed image to cache entry /vagrant/subjects/tool_subjects/swifthand/com.evancharlton.mileage_3110_src/bin/res/drawable-ldpi/ic_tab_statistics_unselected.png: 0% size of source)
   [crunch] Processing image to cache: /vagrant/subjects/tool_subjects/swifthand/com.evancharlton.mileage_3110_src/res/drawable-ldpi/ic_tab_vehicles_selected.png => /vagrant/subjects/tool_subjects/swifthand/com.evancharlton.mileage_3110_src/bin/res/drawable-ldpi/ic_tab_vehicles_selected.png
   [crunch]   (processed image to cache entry /vagrant/subjects/tool_subjects/swifthand/com.evancharlton.mileage_3110_src/bin/res/drawable-ldpi/ic_tab_vehicles_selected.png: 0% size of source)
   [crunch] Processing image to cache: /vagrant/subjects/tool_subjects/swifthand/com.evancharlton.mileage_3110_src/res/drawable-ldpi/ic_tab_vehicles_unselected.png => /vagrant/subjects/tool_subjects/swifthand/com.evancharlton.mileage_3110_src/bin/res/drawable-ldpi/ic_tab_vehicles_unselected.png
   [crunch]   (processed image to cache entry /vagrant/subjects/tool_subjects/swifthand/com.evancharlton.mileage_3110_src/bin/res/drawable-ldpi/ic_tab_vehicles_unselected.png: 0% size of source)
   [crunch] Processing image to cache: /vagrant/subjects/tool_subjects/swifthand/com.evancharlton.mileage_3110_src/res/drawable-ldpi/icon.png => /vagrant/subjects/tool_subjects/swifthand/com.evancharlton.mileage_3110_src/bin/res/drawable-ldpi/icon.png
   [crunch]   (processed image to cache entry /vagrant/subjects/tool_subjects/swifthand/com.evancharlton.mileage_3110_src/bin/res/drawable-ldpi/icon.png: 0% size of source)
   [crunch] Processing image to cache: /vagrant/subjects/tool_subjects/swifthand/com.evancharlton.mileage_3110_src/res/drawable-mdpi-v5/ic_tab_fillup_selected.png => /vagrant/subjects/tool_subjects/swifthand/com.evancharlton.mileage_3110_src/bin/res/drawable-mdpi-v5/ic_tab_fillup_selected.png
   [crunch]   (processed image to cache entry /vagrant/subjects/tool_subjects/swifthand/com.evancharlton.mileage_3110_src/bin/res/drawable-mdpi-v5/ic_tab_fillup_selected.png: 0% size of source)
   [crunch] Processing image to cache: /vagrant/subjects/tool_subjects/swifthand/com.evancharlton.mileage_3110_src/res/drawable-mdpi-v5/ic_tab_fillup_unselected.png => /vagrant/subjects/tool_subjects/swifthand/com.evancharlton.mileage_3110_src/bin/res/drawable-mdpi-v5/ic_tab_fillup_unselected.png
   [crunch]   (processed image to cache entry /vagrant/subjects/tool_subjects/swifthand/com.evancharlton.mileage_3110_src/bin/res/drawable-mdpi-v5/ic_tab_fillup_unselected.png: 0% size of source)
   [crunch] Processing image to cache: /vagrant/subjects/tool_subjects/swifthand/com.evancharlton.mileage_3110_src/res/drawable-mdpi-v5/ic_tab_history_selected.png => /vagrant/subjects/tool_subjects/swifthand/com.evancharlton.mileage_3110_src/bin/res/drawable-mdpi-v5/ic_tab_history_selected.png
   [crunch]   (processed image to cache entry /vagrant/subjects/tool_subjects/swifthand/com.evancharlton.mileage_3110_src/bin/res/drawable-mdpi-v5/ic_tab_history_selected.png: 0% size of source)
   [crunch] Processing image to cache: /vagrant/subjects/tool_subjects/swifthand/com.evancharlton.mileage_3110_src/res/drawable-mdpi-v5/ic_tab_history_unselected.png => /vagrant/subjects/tool_subjects/swifthand/com.evancharlton.mileage_3110_src/bin/res/drawable-mdpi-v5/ic_tab_history_unselected.png
   [crunch]   (processed image to cache entry /vagrant/subjects/tool_subjects/swifthand/com.evancharlton.mileage_3110_src/bin/res/drawable-mdpi-v5/ic_tab_history_unselected.png: 0% size of source)
   [crunch] Processing image to cache: /vagrant/subjects/tool_subjects/swifthand/com.evancharlton.mileage_3110_src/res/drawable-mdpi-v5/ic_tab_statistics_selected.png => /vagrant/subjects/tool_subjects/swifthand/com.evancharlton.mileage_3110_src/bin/res/drawable-mdpi-v5/ic_tab_statistics_selected.png
   [crunch]   (processed image to cache entry /vagrant/subjects/tool_subjects/swifthand/com.evancharlton.mileage_3110_src/bin/res/drawable-mdpi-v5/ic_tab_statistics_selected.png: 0% size of source)
   [crunch] Processing image to cache: /vagrant/subjects/tool_subjects/swifthand/com.evancharlton.mileage_3110_src/res/drawable-mdpi-v5/ic_tab_statistics_unselected.png => /vagrant/subjects/tool_subjects/swifthand/com.evancharlton.mileage_3110_src/bin/res/drawable-mdpi-v5/ic_tab_statistics_unselected.png
   [crunch]   (processed image to cache entry /vagrant/subjects/tool_subjects/swifthand/com.evancharlton.mileage_3110_src/bin/res/drawable-mdpi-v5/ic_tab_statistics_unselected.png: 0% size of source)
   [crunch] Processing image to cache: /vagrant/subjects/tool_subjects/swifthand/com.evancharlton.mileage_3110_src/res/drawable-mdpi-v5/ic_tab_vehicles_selected.png => /vagrant/subjects/tool_subjects/swifthand/com.evancharlton.mileage_3110_src/bin/res/drawable-mdpi-v5/ic_tab_vehicles_selected.png
   [crunch]   (processed image to cache entry /vagrant/subjects/tool_subjects/swifthand/com.evancharlton.mileage_3110_src/bin/res/drawable-mdpi-v5/ic_tab_vehicles_selected.png: 0% size of source)
   [crunch] Processing image to cache: /vagrant/subjects/tool_subjects/swifthand/com.evancharlton.mileage_3110_src/res/drawable-mdpi-v5/ic_tab_vehicles_unselected.png => /vagrant/subjects/tool_subjects/swifthand/com.evancharlton.mileage_3110_src/bin/res/drawable-mdpi-v5/ic_tab_vehicles_unselected.png
   [crunch]   (processed image to cache entry /vagrant/subjects/tool_subjects/swifthand/com.evancharlton.mileage_3110_src/bin/res/drawable-mdpi-v5/ic_tab_vehicles_unselected.png: 0% size of source)
   [crunch] Processing image to cache: /vagrant/subjects/tool_subjects/swifthand/com.evancharlton.mileage_3110_src/res/drawable-mdpi/ic_menu_info_details.png => /vagrant/subjects/tool_subjects/swifthand/com.evancharlton.mileage_3110_src/bin/res/drawable-mdpi/ic_menu_info_details.png
   [crunch]   (processed image to cache entry /vagrant/subjects/tool_subjects/swifthand/com.evancharlton.mileage_3110_src/bin/res/drawable-mdpi/ic_menu_info_details.png: 0% size of source)
   [crunch] Processing image to cache: /vagrant/subjects/tool_subjects/swifthand/com.evancharlton.mileage_3110_src/res/drawable-mdpi/ic_tab_fillup_selected.png => /vagrant/subjects/tool_subjects/swifthand/com.evancharlton.mileage_3110_src/bin/res/drawable-mdpi/ic_tab_fillup_selected.png
   [crunch]   (processed image to cache entry /vagrant/subjects/tool_subjects/swifthand/com.evancharlton.mileage_3110_src/bin/res/drawable-mdpi/ic_tab_fillup_selected.png: 0% size of source)
   [crunch] Processing image to cache: /vagrant/subjects/tool_subjects/swifthand/com.evancharlton.mileage_3110_src/res/drawable-mdpi/ic_tab_fillup_unselected.png => /vagrant/subjects/tool_subjects/swifthand/com.evancharlton.mileage_3110_src/bin/res/drawable-mdpi/ic_tab_fillup_unselected.png
   [crunch]   (processed image to cache entry /vagrant/subjects/tool_subjects/swifthand/com.evancharlton.mileage_3110_src/bin/res/drawable-mdpi/ic_tab_fillup_unselected.png: 0% size of source)
   [crunch] Processing image to cache: /vagrant/subjects/tool_subjects/swifthand/com.evancharlton.mileage_3110_src/res/drawable-mdpi/ic_tab_history_selected.png => /vagrant/subjects/tool_subjects/swifthand/com.evancharlton.mileage_3110_src/bin/res/drawable-mdpi/ic_tab_history_selected.png
   [crunch]   (processed image to cache entry /vagrant/subjects/tool_subjects/swifthand/com.evancharlton.mileage_3110_src/bin/res/drawable-mdpi/ic_tab_history_selected.png: 0% size of source)
   [crunch] Processing image to cache: /vagrant/subjects/tool_subjects/swifthand/com.evancharlton.mileage_3110_src/res/drawable-mdpi/ic_tab_history_unselected.png => /vagrant/subjects/tool_subjects/swifthand/com.evancharlton.mileage_3110_src/bin/res/drawable-mdpi/ic_tab_history_unselected.png
   [crunch]   (processed image to cache entry /vagrant/subjects/tool_subjects/swifthand/com.evancharlton.mileage_3110_src/bin/res/drawable-mdpi/ic_tab_history_unselected.png: 0% size of source)
   [crunch] Processing image to cache: /vagrant/subjects/tool_subjects/swifthand/com.evancharlton.mileage_3110_src/res/drawable-mdpi/ic_tab_statistics_selected.png => /vagrant/subjects/tool_subjects/swifthand/com.evancharlton.mileage_3110_src/bin/res/drawable-mdpi/ic_tab_statistics_selected.png
   [crunch]   (processed image to cache entry /vagrant/subjects/tool_subjects/swifthand/com.evancharlton.mileage_3110_src/bin/res/drawable-mdpi/ic_tab_statistics_selected.png: 0% size of source)
   [crunch] Processing image to cache: /vagrant/subjects/tool_subjects/swifthand/com.evancharlton.mileage_3110_src/res/drawable-mdpi/ic_tab_statistics_unselected.png => /vagrant/subjects/tool_subjects/swifthand/com.evancharlton.mileage_3110_src/bin/res/drawable-mdpi/ic_tab_statistics_unselected.png
   [crunch]   (processed image to cache entry /vagrant/subjects/tool_subjects/swifthand/com.evancharlton.mileage_3110_src/bin/res/drawable-mdpi/ic_tab_statistics_unselected.png: 0% size of source)
   [crunch] Processing image to cache: /vagrant/subjects/tool_subjects/swifthand/com.evancharlton.mileage_3110_src/res/drawable-mdpi/ic_tab_vehicles_selected.png => /vagrant/subjects/tool_subjects/swifthand/com.evancharlton.mileage_3110_src/bin/res/drawable-mdpi/ic_tab_vehicles_selected.png
   [crunch]   (processed image to cache entry /vagrant/subjects/tool_subjects/swifthand/com.evancharlton.mileage_3110_src/bin/res/drawable-mdpi/ic_tab_vehicles_selected.png: 0% size of source)
   [crunch] Processing image to cache: /vagrant/subjects/tool_subjects/swifthand/com.evancharlton.mileage_3110_src/res/drawable-mdpi/ic_tab_vehicles_unselected.png => /vagrant/subjects/tool_subjects/swifthand/com.evancharlton.mileage_3110_src/bin/res/drawable-mdpi/ic_tab_vehicles_unselected.png
   [crunch]   (processed image to cache entry /vagrant/subjects/tool_subjects/swifthand/com.evancharlton.mileage_3110_src/bin/res/drawable-mdpi/ic_tab_vehicles_unselected.png: 0% size of source)
   [crunch] Processing image to cache: /vagrant/subjects/tool_subjects/swifthand/com.evancharlton.mileage_3110_src/res/drawable/gas_i.png => /vagrant/subjects/tool_subjects/swifthand/com.evancharlton.mileage_3110_src/bin/res/drawable/gas_i.png
   [crunch]   (processed image to cache entry /vagrant/subjects/tool_subjects/swifthand/com.evancharlton.mileage_3110_src/bin/res/drawable/gas_i.png: 0% size of source)
   [crunch] Processing image to cache: /vagrant/subjects/tool_subjects/swifthand/com.evancharlton.mileage_3110_src/res/drawable/gaspump_i.png => /vagrant/subjects/tool_subjects/swifthand/com.evancharlton.mileage_3110_src/bin/res/drawable/gaspump_i.png
   [crunch]   (processed image to cache entry /vagrant/subjects/tool_subjects/swifthand/com.evancharlton.mileage_3110_src/bin/res/drawable/gaspump_i.png: 0% size of source)
   [crunch] Processing image to cache: /vagrant/subjects/tool_subjects/swifthand/com.evancharlton.mileage_3110_src/res/drawable/ic_menu_add.png => /vagrant/subjects/tool_subjects/swifthand/com.evancharlton.mileage_3110_src/bin/res/drawable/ic_menu_add.png
   [crunch]   (processed image to cache entry /vagrant/subjects/tool_subjects/swifthand/com.evancharlton.mileage_3110_src/bin/res/drawable/ic_menu_add.png: 0% size of source)
   [crunch] Processing image to cache: /vagrant/subjects/tool_subjects/swifthand/com.evancharlton.mileage_3110_src/res/drawable/ic_menu_cancel.png => /vagrant/subjects/tool_subjects/swifthand/com.evancharlton.mileage_3110_src/bin/res/drawable/ic_menu_cancel.png
   [crunch]   (processed image to cache entry /vagrant/subjects/tool_subjects/swifthand/com.evancharlton.mileage_3110_src/bin/res/drawable/ic_menu_cancel.png: 0% size of source)
   [crunch] Processing image to cache: /vagrant/subjects/tool_subjects/swifthand/com.evancharlton.mileage_3110_src/res/drawable/ic_menu_delete.png => /vagrant/subjects/tool_subjects/swifthand/com.evancharlton.mileage_3110_src/bin/res/drawable/ic_menu_delete.png
   [crunch]   (processed image to cache entry /vagrant/subjects/tool_subjects/swifthand/com.evancharlton.mileage_3110_src/bin/res/drawable/ic_menu_delete.png: 0% size of source)
   [crunch] Processing image to cache: /vagrant/subjects/tool_subjects/swifthand/com.evancharlton.mileage_3110_src/res/drawable/ic_menu_edit.png => /vagrant/subjects/tool_subjects/swifthand/com.evancharlton.mileage_3110_src/bin/res/drawable/ic_menu_edit.png
   [crunch]   (processed image to cache entry /vagrant/subjects/tool_subjects/swifthand/com.evancharlton.mileage_3110_src/bin/res/drawable/ic_menu_edit.png: 0% size of source)
   [crunch] Processing image to cache: /vagrant/subjects/tool_subjects/swifthand/com.evancharlton.mileage_3110_src/res/drawable/ic_menu_ie.png => /vagrant/subjects/tool_subjects/swifthand/com.evancharlton.mileage_3110_src/bin/res/drawable/ic_menu_ie.png
   [crunch]   (processed image to cache entry /vagrant/subjects/tool_subjects/swifthand/com.evancharlton.mileage_3110_src/bin/res/drawable/ic_menu_ie.png: 0% size of source)
   [crunch] Processing image to cache: /vagrant/subjects/tool_subjects/swifthand/com.evancharlton.mileage_3110_src/res/drawable/ic_menu_intervals.png => /vagrant/subjects/tool_subjects/swifthand/com.evancharlton.mileage_3110_src/bin/res/drawable/ic_menu_intervals.png
   [crunch]   (processed image to cache entry /vagrant/subjects/tool_subjects/swifthand/com.evancharlton.mileage_3110_src/bin/res/drawable/ic_menu_intervals.png: 0% size of source)
   [crunch] Processing image to cache: /vagrant/subjects/tool_subjects/swifthand/com.evancharlton.mileage_3110_src/res/drawable/ic_menu_preferences.png => /vagrant/subjects/tool_subjects/swifthand/com.evancharlton.mileage_3110_src/bin/res/drawable/ic_menu_preferences.png
   [crunch]   (processed image to cache entry /vagrant/subjects/tool_subjects/swifthand/com.evancharlton.mileage_3110_src/bin/res/drawable/ic_menu_preferences.png: 0% size of source)
   [crunch] Processing image to cache: /vagrant/subjects/tool_subjects/swifthand/com.evancharlton.mileage_3110_src/res/drawable/ic_menu_recalculate.png => /vagrant/subjects/tool_subjects/swifthand/com.evancharlton.mileage_3110_src/bin/res/drawable/ic_menu_recalculate.png
   [crunch]   (processed image to cache entry /vagrant/subjects/tool_subjects/swifthand/com.evancharlton.mileage_3110_src/bin/res/drawable/ic_menu_recalculate.png: 0% size of source)
   [crunch] Processing image to cache: /vagrant/subjects/tool_subjects/swifthand/com.evancharlton.mileage_3110_src/res/drawable/icon.png => /vagrant/subjects/tool_subjects/swifthand/com.evancharlton.mileage_3110_src/bin/res/drawable/icon.png
   [crunch]   (processed image to cache entry /vagrant/subjects/tool_subjects/swifthand/com.evancharlton.mileage_3110_src/bin/res/drawable/icon.png: 0% size of source)
   [crunch] Processing image to cache: /vagrant/subjects/tool_subjects/swifthand/com.evancharlton.mileage_3110_src/res/drawable/statistics_i.png => /vagrant/subjects/tool_subjects/swifthand/com.evancharlton.mileage_3110_src/bin/res/drawable/statistics_i.png
   [crunch]   (processed image to cache entry /vagrant/subjects/tool_subjects/swifthand/com.evancharlton.mileage_3110_src/bin/res/drawable/statistics_i.png: 0% size of source)
   [crunch] Crunched 76 PNG files to update cache

-package-resources:
     [aapt] Creating full resource package...

-package:
[apkbuilder] Current build type is different than previous build: forced apkbuilder run.
[apkbuilder] Creating Mileage-debug-unaligned.apk and signing it with a debug key...

-post-package:

-do-debug:
 [zipalign] Running zip align on final apk...
     [echo] Debug Package: /vagrant/subjects/tool_subjects/swifthand/com.evancharlton.mileage_3110_src/bin/Mileage-debug.apk
[propertyfile] Creating new property file: /vagrant/subjects/tool_subjects/swifthand/com.evancharlton.mileage_3110_src/bin/build.prop
[propertyfile] Updating property file: /vagrant/subjects/tool_subjects/swifthand/com.evancharlton.mileage_3110_src/bin/build.prop
[propertyfile] Updating property file: /vagrant/subjects/tool_subjects/swifthand/com.evancharlton.mileage_3110_src/bin/build.prop
[propertyfile] Updating property file: /vagrant/subjects/tool_subjects/swifthand/com.evancharlton.mileage_3110_src/bin/build.prop

-post-build:

debug:

BUILD SUCCESSFUL
Total time: 1 minute 31 seconds
