Buildfile: /vagrant/subjects/tool_subjects/swifthand/dalvik-explorer/build.xml

emma:

-set-mode-check:

-set-debug-files:

-check-env:
 [checkenv] Android SDK Tools Revision 23.0.2
 [checkenv] Installed at /home/vagrant/android-sdk-linux

-setup:
     [echo] Project Name: DalvikExplorerActivity
  [gettype] Project Type: Self-Tested Application

-set-debug-mode:

-debug-obfuscation-check:

-pre-build:

-build-setup:
[getbuildtools] Using latest Build Tools: 20.0.0
     [echo] Resolving Build Target for DalvikExplorerActivity...
[gettarget] Project Target:   Android 4.1.2
[gettarget] API level:        16
     [echo] ----------
     [echo] Creating output directories if needed...
    [mkdir] Created dir: /vagrant/subjects/tool_subjects/swifthand/dalvik-explorer/bin
    [mkdir] Created dir: /vagrant/subjects/tool_subjects/swifthand/dalvik-explorer/bin/res
    [mkdir] Created dir: /vagrant/subjects/tool_subjects/swifthand/dalvik-explorer/bin/rsObj
    [mkdir] Created dir: /vagrant/subjects/tool_subjects/swifthand/dalvik-explorer/bin/rsLibs
    [mkdir] Created dir: /vagrant/subjects/tool_subjects/swifthand/dalvik-explorer/gen
    [mkdir] Created dir: /vagrant/subjects/tool_subjects/swifthand/dalvik-explorer/bin/classes
    [mkdir] Created dir: /vagrant/subjects/tool_subjects/swifthand/dalvik-explorer/bin/dexedLibs
     [echo] ----------
     [echo] Resolving Dependencies for DalvikExplorerActivity...
[dependency] Library dependencies:
[dependency] No Libraries
[dependency] 
[dependency] ------------------
     [echo] ----------
     [echo] Building Libraries with 'instrument'...
   [subant] No sub-builds to iterate on

-code-gen:
[mergemanifest] Merging AndroidManifest files into one.
[mergemanifest] Manifest merger disabled. Using project manifest only.
     [echo] Handling aidl files...
     [aidl] No AIDL files to compile.
     [echo] ----------
     [echo] Handling RenderScript files...
     [echo] ----------
     [echo] Handling Resources...
     [aapt] Generating resource IDs...
     [echo] ----------
     [echo] Handling BuildConfig class...
[buildconfig] Generating BuildConfig class.

-pre-compile:

-compile:
    [javac] Compiling 29 source files to /vagrant/subjects/tool_subjects/swifthand/dalvik-explorer/bin/classes
    [javac] Note: /vagrant/subjects/tool_subjects/swifthand/dalvik-explorer/src/org/jessies/dalvikexplorer/TextViewActivity.java uses or overrides a deprecated API.
    [javac] Note: Recompile with -Xlint:deprecation for details.
     [echo] Instrumenting classes from /vagrant/subjects/tool_subjects/swifthand/dalvik-explorer/bin/classes...

-post-compile:

-obfuscate:

-dex:
      [dex] input: /vagrant/subjects/tool_subjects/swifthand/dalvik-explorer/bin/classes
      [dex] input: /home/vagrant/android-sdk-linux/tools/lib/emma_device.jar
      [dex] Pre-Dexing /home/vagrant/android-sdk-linux/tools/lib/emma_device.jar -> emma_device-e790229f52a04d2b195df6976ccc31d7.jar
      [dex] Converting compiled files and external libraries into /vagrant/subjects/tool_subjects/swifthand/dalvik-explorer/bin/classes.dex...
       [dx] Merged dex A (63 defs/98.6KiB) with dex B (297 defs/326.8KiB). Result is 360 defs/509.4KiB. Took 1.6s

-crunch:
   [crunch] Crunching PNG Files in source dir: /vagrant/subjects/tool_subjects/swifthand/dalvik-explorer/res
   [crunch] To destination dir: /vagrant/subjects/tool_subjects/swifthand/dalvik-explorer/bin/res
   [crunch] Processing image to cache: /vagrant/subjects/tool_subjects/swifthand/dalvik-explorer/res/drawable-hdpi/icon.png => /vagrant/subjects/tool_subjects/swifthand/dalvik-explorer/bin/res/drawable-hdpi/icon.png
   [crunch]   (processed image to cache entry /vagrant/subjects/tool_subjects/swifthand/dalvik-explorer/bin/res/drawable-hdpi/icon.png: 0% size of source)
   [crunch] Processing image to cache: /vagrant/subjects/tool_subjects/swifthand/dalvik-explorer/res/drawable-mdpi/icon.png => /vagrant/subjects/tool_subjects/swifthand/dalvik-explorer/bin/res/drawable-mdpi/icon.png
   [crunch]   (processed image to cache entry /vagrant/subjects/tool_subjects/swifthand/dalvik-explorer/bin/res/drawable-mdpi/icon.png: 91% size of source)
   [crunch] Processing image to cache: /vagrant/subjects/tool_subjects/swifthand/dalvik-explorer/res/drawable-nodpi/build_widget_preview.png => /vagrant/subjects/tool_subjects/swifthand/dalvik-explorer/bin/res/drawable-nodpi/build_widget_preview.png
   [crunch]   (processed image to cache entry /vagrant/subjects/tool_subjects/swifthand/dalvik-explorer/bin/res/drawable-nodpi/build_widget_preview.png: 60% size of source)
   [crunch] Crunched 3 PNG files to update cache

-package-resources:
     [aapt] Creating full resource package...

-package:
[apkbuilder] Current build type is different than previous build: forced apkbuilder run.
[apkbuilder] Creating DalvikExplorerActivity-debug-unaligned.apk and signing it with a debug key...

-post-package:

-do-debug:
 [zipalign] Running zip align on final apk...
     [echo] Debug Package: /vagrant/subjects/tool_subjects/swifthand/dalvik-explorer/bin/DalvikExplorerActivity-debug.apk
[propertyfile] Creating new property file: /vagrant/subjects/tool_subjects/swifthand/dalvik-explorer/bin/build.prop
[propertyfile] Updating property file: /vagrant/subjects/tool_subjects/swifthand/dalvik-explorer/bin/build.prop
[propertyfile] Updating property file: /vagrant/subjects/tool_subjects/swifthand/dalvik-explorer/bin/build.prop
[propertyfile] Updating property file: /vagrant/subjects/tool_subjects/swifthand/dalvik-explorer/bin/build.prop

-post-build:

debug:

BUILD SUCCESSFUL
Total time: 46 seconds
